{"meta": {"format": 3, "version": "7.13.3", "timestamp": "2026-03-06T17:36:05.427078", "branch_coverage": false, "show_contexts": false}, "files": {"analysis/__init__.py": {"executed_lines": [2], "summary": {"covered_lines": 1, "num_statements": 1, "percent_covered": 100.0, "percent_covered_display": "100", "missing_lines": 0, "excluded_lines": 0, "percent_statements_covered": 100.0, "percent_statements_covered_display": "100"}, "missing_lines": [], "excluded_lines": [], "functions": {"": {"executed_lines": [2], "summary": {"covered_lines": 1, "num_statements": 1, "percent_covered": 100.0, "percent_covered_display": "100", "missing_lines": 0, "excluded_lines": 0, "percent_statements_covered": 100.0, "percent_statements_covered_display": "100"}, "missing_lines": [], "excluded_lines": [], "start_line": 1}}, "classes": {"": {"executed_lines": [2], "summary": {"covered_lines": 1, "num_statements": 1, "percent_covered": 100.0, "percent_covered_display": "100", "missing_lines": 0, "excluded_lines": 0, "percent_statements_covered": 100.0, "percent_statements_covered_display": "100"}, "missing_lines": [], "excluded_lines": [], "start_line": 1}}}, "analysis/analyzer.py": {"executed_lines": [2, 3, 5, 6, 7, 8, 9, 38, 39, 42, 43, 46, 49, 51, 53, 55, 56, 57, 58, 60, 61, 62, 63, 64, 65, 66, 69, 72, 73, 74, 76, 77, 78, 81, 82, 87, 88, 90, 91, 92, 94, 99, 100, 101, 104, 105, 106, 107, 108, 109, 111, 112, 115, 116, 117, 118, 119, 120, 128, 129, 131, 132, 133, 134, 135, 136, 139, 140, 141, 144, 145, 146, 147, 148, 149, 150, 153, 154, 155, 156, 161, 162, 163, 164, 165, 166, 167, 169, 171, 178, 182, 185, 186, 187, 188, 190, 191, 192, 193, 195, 197, 198, 201, 202, 203, 204, 206, 207, 210, 211, 212, 213, 215, 216, 217, 219, 220, 221, 224, 227, 228, 229, 230, 232, 233, 234, 235, 236, 237, 238, 241, 242, 243, 244, 245, 246, 249, 251, 252, 253, 258, 260, 261, 262, 263, 265, 268, 269, 271, 272, 278, 279, 280, 281], "summary": {"covered_lines": 154, "num_statements": 166, "percent_covered": 92.7710843373494, "percent_covered_display": "93", "missing_lines": 12, "excluded_lines": 0, "percent_statements_covered": 92.7710843373494, "percent_statements_covered_display": "93"}, "missing_lines": [68, 70, 95, 96, 97, 122, 123, 124, 125, 179, 208, 225], "excluded_lines": [], "functions": {"ScriptAnalyzer.__init__": {"executed_lines": [7, 8, 9], "summary": {"covered_lines": 3, "num_statements": 3, "percent_covered": 100.0, "percent_covered_display": "100", "missing_lines": 0, "excluded_lines": 0, "percent_statements_covered": 100.0, "percent_statements_covered_display": "100"}, "missing_lines": [], "excluded_lines": [], "start_line": 6}, "ScriptAnalyzer.analyze": {"executed_lines": [39, 42, 43, 46, 49, 51], "summary": {"covered_lines": 6, "num_statements": 6, "percent_covered": 100.0, "percent_covered_display": "100", "missing_lines": 0, "excluded_lines": 0, "percent_statements_covered": 100.0, "percent_statements_covered_display": "100"}, "missing_lines": [], "excluded_lines": [], "start_line": 38}, "ScriptAnalyzer._strip_title_page": {"executed_lines": [55, 56, 57, 58, 60, 61, 62, 63, 64, 65, 66, 69, 72, 73, 74], "summary": {"covered_lines": 15, "num_statements": 17, "percent_covered": 88.23529411764706, "percent_covered_display": "88", "missing_lines": 2, "excluded_lines": 0, "percent_statements_covered": 88.23529411764706, "percent_statements_covered_display": "88"}, "missing_lines": [68, 70], "excluded_lines": [], "start_line": 53}, "ScriptAnalyzer._parse_with_state_machine": {"executed_lines": [77, 78, 81, 82, 87, 88, 90, 91, 92, 94, 99, 100, 101, 104, 105, 106, 107, 108, 109, 111, 112, 115, 116, 117, 118, 119, 120, 128, 129, 131, 132, 133, 134, 135, 136, 139, 140, 141, 144, 145, 146, 147, 148, 149, 150, 153, 154, 155, 156, 161, 162, 163, 164, 165, 166, 167, 169, 171, 178, 182, 185, 186, 187, 188, 190, 191, 192, 193, 195, 197, 198, 201, 202, 203, 204, 206, 207, 210, 211, 212, 213, 215, 216, 217, 219, 220, 221, 224], "summary": {"covered_lines": 88, "num_statements": 98, "percent_covered": 89.79591836734694, "percent_covered_display": "90", "missing_lines": 10, "excluded_lines": 0, "percent_statements_covered": 89.79591836734694, "percent_statements_covered_display": "90"}, "missing_lines": [95, 96, 97, 122, 123, 124, 125, 179, 208, 225], "excluded_lines": [], "start_line": 76}, "ScriptAnalyzer._flush_block": {"executed_lines": [228, 229, 230], "summary": {"covered_lines": 3, "num_statements": 3, "percent_covered": 100.0, "percent_covered_display": "100", "missing_lines": 0, "excluded_lines": 0, "percent_statements_covered": 100.0, "percent_statements_covered_display": "100"}, "missing_lines": [], "excluded_lines": [], "start_line": 227}, "ScriptAnalyzer._add_custom_layer": {"executed_lines": [233, 234, 235, 236, 237, 238, 241, 242, 243, 244, 245, 246], "summary": {"covered_lines": 12, "num_statements": 12, "percent_covered": 100.0, "percent_covered_display": "100", "missing_lines": 0, "excluded_lines": 0, "percent_statements_covered": 100.0, "percent_statements_covered_display": "100"}, "missing_lines": [], "excluded_lines": [], "start_line": 232}, "ScriptAnalyzer._calculate_post_stats": {"executed_lines": [251, 252, 253, 258, 260, 261, 262, 263, 265, 268, 269, 271, 272, 278, 279, 280, 281], "summary": {"covered_lines": 17, "num_statements": 17, "percent_covered": 100.0, "percent_covered_display": "100", "missing_lines": 0, "excluded_lines": 0, "percent_statements_covered": 100.0, "percent_statements_covered_display": "100"}, "missing_lines": [], "excluded_lines": [], "start_line": 249}, "": {"executed_lines": [2, 3, 5, 6, 38, 53, 76, 227, 232, 249], "summary": {"covered_lines": 10, "num_statements": 10, "percent_covered": 100.0, "percent_covered_display": "100", "missing_lines": 0, "excluded_lines": 0, "percent_statements_covered": 100.0, "percent_statements_covered_display": "100"}, "missing_lines": [], "excluded_lines": [], "start_line": 1}}, "classes": {"ScriptAnalyzer": {"executed_lines": [7, 8, 9, 39, 42, 43, 46, 49, 51, 55, 56, 57, 58, 60, 61, 62, 63, 64, 65, 66, 69, 72, 73, 74, 77, 78, 81, 82, 87, 88, 90, 91, 92, 94, 99, 100, 101, 104, 105, 106, 107, 108, 109, 111, 112, 115, 116, 117, 118, 119, 120, 128, 129, 131, 132, 133, 134, 135, 136, 139, 140, 141, 144, 145, 146, 147, 148, 149, 150, 153, 154, 155, 156, 161, 162, 163, 164, 165, 166, 167, 169, 171, 178, 182, 185, 186, 187, 188, 190, 191, 192, 193, 195, 197, 198, 201, 202, 203, 204, 206, 207, 210, 211, 212, 213, 215, 216, 217, 219, 220, 221, 224, 228, 229, 230, 233, 234, 235, 236, 237, 238, 241, 242, 243, 244, 245, 246, 251, 252, 253, 258, 260, 261, 262, 263, 265, 268, 269, 271, 272, 278, 279, 280, 281], "summary": {"covered_lines": 144, "num_statements": 156, "percent_covered": 92.3076923076923, "percent_covered_display": "92", "missing_lines": 12, "excluded_lines": 0, "percent_statements_covered": 92.3076923076923, "percent_statements_covered_display": "92"}, "missing_lines": [68, 70, 95, 96, 97, 122, 123, 124, 125, 179, 208, 225], "excluded_lines": [], "start_line": 5}, "": {"executed_lines": [2, 3, 5, 6, 38, 53, 76, 227, 232, 249], "summary": {"covered_lines": 10, "num_statements": 10, "percent_covered": 100.0, "percent_covered_display": "100", "missing_lines": 0, "excluded_lines": 0, "percent_statements_covered": 100.0, "percent_statements_covered_display": "100"}, "missing_lines": [], "excluded_lines": [], "start_line": 1}}}, "crud_ops/__init__.py": {"executed_lines": [1, 7, 36, 37, 49, 50, 51, 65, 73, 75], "summary": {"covered_lines": 10, "num_statements": 10, "percent_covered": 100.0, "percent_covered_display": "100", "missing_lines": 0, "excluded_lines": 0, "percent_statements_covered": 100.0, "percent_statements_covered_display": "100"}, "missing_lines": [], "excluded_lines": [], "functions": {"": {"executed_lines": [1, 7, 36, 37, 49, 50, 51, 65, 73, 75], "summary": {"covered_lines": 10, "num_statements": 10, "percent_covered": 100.0, "percent_covered_display": "100", "missing_lines": 0, "excluded_lines": 0, "percent_statements_covered": 100.0, "percent_statements_covered_display": "100"}, "missing_lines": [], "excluded_lines": [], "start_line": 1}}, "classes": {"": {"executed_lines": [1, 7, 36, 37, 49, 50, 51, 65, 73, 75], "summary": {"covered_lines": 10, "num_statements": 10, "percent_covered": 100.0, "percent_covered_display": "100", "missing_lines": 0, "excluded_lines": 0, "percent_statements_covered": 100.0, "percent_statements_covered_display": "100"}, "missing_lines": [], "excluded_lines": [], "start_line": 1}}}, "crud_ops/common.py": {"executed_lines": [1, 2, 3, 4, 6, 8, 11, 12, 13, 14, 15, 16, 17, 19, 20, 22, 29, 32, 33, 34, 35, 36, 37, 38, 39, 45, 46, 57, 60, 61, 62, 65, 66, 67, 68, 69, 70, 71, 76, 77, 78, 79, 80, 83], "summary": {"covered_lines": 44, "num_statements": 49, "percent_covered": 89.79591836734694, "percent_covered_display": "90", "missing_lines": 5, "excluded_lines": 0, "percent_statements_covered": 89.79591836734694, "percent_statements_covered_display": "90"}, "missing_lines": [18, 72, 73, 74, 75], "excluded_lines": [], "functions": {"touch_parent_folders": {"executed_lines": [12, 13, 14, 15, 16, 17, 19, 20, 22, 29], "summary": {"covered_lines": 10, "num_statements": 11, "percent_covered": 90.9090909090909, "percent_covered_display": "91", "missing_lines": 1, "excluded_lines": 0, "percent_statements_covered": 90.9090909090909, "percent_statements_covered_display": "91"}, "missing_lines": [18], "excluded_lines": [], "start_line": 11}, "ensure_folder_tree": {"executed_lines": [33, 34, 35, 36, 37, 38, 39, 45, 46, 57], "summary": {"covered_lines": 10, "num_statements": 10, "percent_covered": 100.0, "percent_covered_display": "100", "missing_lines": 0, "excluded_lines": 0, "percent_statements_covered": 100.0, "percent_statements_covered_display": "100"}, "missing_lines": [], "excluded_lines": [], "start_line": 32}, "ensure_folders_for_owner": {"executed_lines": [61, 62], "summary": {"covered_lines": 2, "num_statements": 2, "percent_covered": 100.0, "percent_covered_display": "100", "missing_lines": 0, "excluded_lines": 0, "percent_statements_covered": 100.0, "percent_statements_covered_display": "100"}, "missing_lines": [], "excluded_lines": [], "start_line": 60}, "_ensure_list": {"executed_lines": [66, 67, 68, 69, 70, 71, 76, 77, 78, 79, 80], "summary": {"covered_lines": 11, "num_statements": 15, "percent_covered": 73.33333333333333, "percent_covered_display": "73", "missing_lines": 4, "excluded_lines": 0, "percent_statements_covered": 73.33333333333333, "percent_statements_covered_display": "73"}, "missing_lines": [72, 73, 74, 75], "excluded_lines": [], "start_line": 65}, "": {"executed_lines": [1, 2, 3, 4, 6, 8, 11, 32, 60, 65, 83], "summary": {"covered_lines": 11, "num_statements": 11, "percent_covered": 100.0, "percent_covered_display": "100", "missing_lines": 0, "excluded_lines": 0, "percent_statements_covered": 100.0, "percent_statements_covered_display": "100"}, "missing_lines": [], "excluded_lines": [], "start_line": 1}}, "classes": {"": {"executed_lines": [1, 2, 3, 4, 6, 8, 11, 12, 13, 14, 15, 16, 17, 19, 20, 22, 29, 32, 33, 34, 35, 36, 37, 38, 39, 45, 46, 57, 60, 61, 62, 65, 66, 67, 68, 69, 70, 71, 76, 77, 78, 79, 80, 83], "summary": {"covered_lines": 44, "num_statements": 49, "percent_covered": 89.79591836734694, "percent_covered_display": "90", "missing_lines": 5, "excluded_lines": 0, "percent_statements_covered": 89.79591836734694, "percent_statements_covered_display": "90"}, "missing_lines": [18, 72, 73, 74, 75], "excluded_lines": [], "start_line": 1}}}, "crud_ops/organizations.py": {"executed_lines": [1, 2, 4], "summary": {"covered_lines": 3, "num_statements": 3, "percent_covered": 100.0, "percent_covered_display": "100", "missing_lines": 0, "excluded_lines": 0, "percent_statements_covered": 100.0, "percent_statements_covered_display": "100"}, "missing_lines": [], "excluded_lines": [], "functions": {"": {"executed_lines": [1, 2, 4], "summary": {"covered_lines": 3, "num_statements": 3, "percent_covered": 100.0, "percent_covered_display": "100", "missing_lines": 0, "excluded_lines": 0, "percent_statements_covered": 100.0, "percent_statements_covered_display": "100"}, "missing_lines": [], "excluded_lines": [], "start_line": 1}}, "classes": {"": {"executed_lines": [1, 2, 4], "summary": {"covered_lines": 3, "num_statements": 3, "percent_covered": 100.0, "percent_covered_display": "100", "missing_lines": 0, "excluded_lines": 0, "percent_statements_covered": 100.0, "percent_statements_covered_display": "100"}, "missing_lines": [], "excluded_lines": [], "start_line": 1}}}, "crud_ops/organizations_command.py": {"executed_lines": [1, 2, 4, 6, 7, 8, 9, 20, 21, 33, 34, 35, 36, 37, 38, 39, 40, 43, 44, 45, 48, 49, 50, 51, 52, 54, 55, 56, 57, 60, 61, 62, 64, 67, 68, 71, 73, 74, 75, 76, 79, 80, 81, 83, 85, 88, 89, 92, 93, 95, 96, 97, 98, 99, 100, 103, 104, 105, 107, 109, 111, 113, 118, 120, 126, 127, 128, 129, 132, 133, 134, 136, 138, 140, 145, 147, 152, 153, 154, 155, 158, 159, 164, 166, 167, 169, 170, 171, 172, 173, 174, 177, 178, 183, 185, 186, 187, 190, 191, 195, 197, 198, 200, 201, 203, 204, 205, 206, 207, 208, 211, 212, 216, 218, 219, 221, 222, 223, 226, 227, 228, 229, 231, 232, 233, 234, 235, 236, 240, 241, 242, 243, 246, 247, 248, 251, 252, 253, 255, 256, 257, 259, 261, 262, 264, 265, 268, 269, 270, 272, 274, 275, 277, 278, 281], "summary": {"covered_lines": 155, "num_statements": 189, "percent_covered": 82.01058201058201, "percent_covered_display": "82", "missing_lines": 34, "excluded_lines": 0, "percent_statements_covered": 82.01058201058201, "percent_statements_covered_display": "82"}, "missing_lines": [46, 63, 65, 69, 82, 84, 86, 90, 94, 106, 108, 110, 112, 119, 135, 137, 139, 146, 165, 168, 184, 196, 199, 202, 217, 220, 244, 254, 258, 260, 263, 271, 273, 276], "excluded_lines": [], "functions": {"create_organization": {"executed_lines": [21, 33, 34, 35, 36, 37, 38, 39, 40], "summary": {"covered_lines": 9, "num_statements": 9, "percent_covered": 100.0, "percent_covered_display": "100", "missing_lines": 0, "excluded_lines": 0, "percent_statements_covered": 100.0, "percent_statements_covered_display": "100"}, "missing_lines": [], "excluded_lines": [], "start_line": 20}, "update_organization": {"executed_lines": [44, 45, 48, 49, 50, 51, 52, 54, 55, 56, 57], "summary": {"covered_lines": 11, "num_statements": 12, "percent_covered": 91.66666666666667, "percent_covered_display": "92", "missing_lines": 1, "excluded_lines": 0, "percent_statements_covered": 91.66666666666667, "percent_statements_covered_display": "92"}, "missing_lines": [46], "excluded_lines": [], "start_line": 43}, "add_organization_member": {"executed_lines": [61, 62, 64, 67, 68, 71, 73, 74, 75, 76], "summary": {"covered_lines": 10, "num_statements": 13, "percent_covered": 76.92307692307692, "percent_covered_display": "77", "missing_lines": 3, "excluded_lines": 0, "percent_statements_covered": 76.92307692307692, "percent_statements_covered_display": "77"}, "missing_lines": [63, 65, 69], "excluded_lines": [], "start_line": 60}, "remove_organization_member": {"executed_lines": [80, 81, 83, 85, 88, 89, 92, 93, 95, 96, 97, 98, 99, 100], "summary": {"covered_lines": 14, "num_statements": 19, "percent_covered": 73.6842105263158, "percent_covered_display": "74", "missing_lines": 5, "excluded_lines": 0, "percent_statements_covered": 73.6842105263158, "percent_statements_covered_display": "74"}, "missing_lines": [82, 84, 86, 90, 94], "excluded_lines": [], "start_line": 79}, "create_organization_invite": {"executed_lines": [104, 105, 107, 109, 111, 113, 118, 120, 126, 127, 128, 129], "summary": {"covered_lines": 12, "num_statements": 17, "percent_covered": 70.58823529411765, "percent_covered_display": "71", "missing_lines": 5, "excluded_lines": 0, "percent_statements_covered": 70.58823529411765, "percent_statements_covered_display": "71"}, "missing_lines": [106, 108, 110, 112, 119], "excluded_lines": [], "start_line": 103}, "create_organization_request": {"executed_lines": [133, 134, 136, 138, 140, 145, 147, 152, 153, 154, 155], "summary": {"covered_lines": 11, "num_statements": 15, "percent_covered": 73.33333333333333, "percent_covered_display": "73", "missing_lines": 4, "excluded_lines": 0, "percent_statements_covered": 73.33333333333333, "percent_statements_covered_display": "73"}, "missing_lines": [135, 137, 139, 146], "excluded_lines": [], "start_line": 132}, "accept_invite": {"executed_lines": [159, 164, 166, 167, 169, 170, 171, 172, 173, 174], "summary": {"covered_lines": 10, "num_statements": 12, "percent_covered": 83.33333333333333, "percent_covered_display": "83", "missing_lines": 2, "excluded_lines": 0, "percent_statements_covered": 83.33333333333333, "percent_statements_covered_display": "83"}, "missing_lines": [165, 168], "excluded_lines": [], "start_line": 158}, "decline_invite": {"executed_lines": [178, 183, 185, 186, 187], "summary": {"covered_lines": 5, "num_statements": 6, "percent_covered": 83.33333333333333, "percent_covered_display": "83", "missing_lines": 1, "excluded_lines": 0, "percent_statements_covered": 83.33333333333333, "percent_statements_covered_display": "83"}, "missing_lines": [184], "excluded_lines": [], "start_line": 177}, "accept_request": {"executed_lines": [191, 195, 197, 198, 200, 201, 203, 204, 205, 206, 207, 208], "summary": {"covered_lines": 12, "num_statements": 15, "percent_covered": 80.0, "percent_covered_display": "80", "missing_lines": 3, "excluded_lines": 0, "percent_statements_covered": 80.0, "percent_statements_covered_display": "80"}, "missing_lines": [196, 199, 202], "excluded_lines": [], "start_line": 190}, "decline_request": {"executed_lines": [212, 216, 218, 219, 221, 222, 223], "summary": {"covered_lines": 7, "num_statements": 9, "percent_covered": 77.77777777777777, "percent_covered_display": "78", "missing_lines": 2, "excluded_lines": 0, "percent_statements_covered": 77.77777777777777, "percent_statements_covered_display": "78"}, "missing_lines": [217, 220], "excluded_lines": [], "start_line": 211}, "delete_organization": {"executed_lines": [227, 228, 229, 231, 232, 233, 234, 235, 236, 240, 241, 242, 243, 246, 247, 248], "summary": {"covered_lines": 16, "num_statements": 17, "percent_covered": 94.11764705882354, "percent_covered_display": "94", "missing_lines": 1, "excluded_lines": 0, "percent_statements_covered": 94.11764705882354, "percent_statements_covered_display": "94"}, "missing_lines": [244], "excluded_lines": [], "start_line": 226}, "update_organization_member_role": {"executed_lines": [252, 253, 255, 256, 257, 259, 261, 262, 264, 265], "summary": {"covered_lines": 10, "num_statements": 14, "percent_covered": 71.42857142857143, "percent_covered_display": "71", "missing_lines": 4, "excluded_lines": 0, "percent_statements_covered": 71.42857142857143, "percent_statements_covered_display": "71"}, "missing_lines": [254, 258, 260, 263], "excluded_lines": [], "start_line": 251}, "remove_organization_persona": {"executed_lines": [269, 270, 272, 274, 275, 277, 278], "summary": {"covered_lines": 7, "num_statements": 10, "percent_covered": 70.0, "percent_covered_display": "70", "missing_lines": 3, "excluded_lines": 0, "percent_statements_covered": 70.0, "percent_statements_covered_display": "70"}, "missing_lines": [271, 273, 276], "excluded_lines": [], "start_line": 268}, "": {"executed_lines": [1, 2, 4, 6, 7, 8, 9, 20, 43, 60, 79, 103, 132, 158, 177, 190, 211, 226, 251, 268, 281], "summary": {"covered_lines": 21, "num_statements": 21, "percent_covered": 100.0, "percent_covered_display": "100", "missing_lines": 0, "excluded_lines": 0, "percent_statements_covered": 100.0, "percent_statements_covered_display": "100"}, "missing_lines": [], "excluded_lines": [], "start_line": 1}}, "classes": {"": {"executed_lines": [1, 2, 4, 6, 7, 8, 9, 20, 21, 33, 34, 35, 36, 37, 38, 39, 40, 43, 44, 45, 48, 49, 50, 51, 52, 54, 55, 56, 57, 60, 61, 62, 64, 67, 68, 71, 73, 74, 75, 76, 79, 80, 81, 83, 85, 88, 89, 92, 93, 95, 96, 97, 98, 99, 100, 103, 104, 105, 107, 109, 111, 113, 118, 120, 126, 127, 128, 129, 132, 133, 134, 136, 138, 140, 145, 147, 152, 153, 154, 155, 158, 159, 164, 166, 167, 169, 170, 171, 172, 173, 174, 177, 178, 183, 185, 186, 187, 190, 191, 195, 197, 198, 200, 201, 203, 204, 205, 206, 207, 208, 211, 212, 216, 218, 219, 221, 222, 223, 226, 227, 228, 229, 231, 232, 233, 234, 235, 236, 240, 241, 242, 243, 246, 247, 248, 251, 252, 253, 255, 256, 257, 259, 261, 262, 264, 265, 268, 269, 270, 272, 274, 275, 277, 278, 281], "summary": {"covered_lines": 155, "num_statements": 189, "percent_covered": 82.01058201058201, "percent_covered_display": "82", "missing_lines": 34, "excluded_lines": 0, "percent_statements_covered": 82.01058201058201, "percent_statements_covered_display": "82"}, "missing_lines": [46, 63, 65, 69, 82, 84, 86, 90, 94, 106, 108, 110, 112, 119, 135, 137, 139, 146, 165, 168, 184, 196, 199, 202, 217, 220, 244, 254, 258, 260, 263, 271, 273, 276], "excluded_lines": [], "start_line": 1}}}, "crud_ops/organizations_query.py": {"executed_lines": [1, 2, 3, 5, 7, 8, 11, 12, 13, 14, 15, 16, 17, 18, 19, 22, 23, 24, 25, 27, 28, 29, 31, 32, 34, 35, 36, 37, 39, 40, 41, 42, 43, 45, 46, 49, 50, 51, 63, 64, 65, 75, 78, 83, 90, 91, 97, 98, 104, 111, 112, 114, 118, 121, 125, 128, 129, 131, 132, 133, 134, 138, 139, 140, 144, 147, 148, 149, 152, 153, 155, 159, 160, 165, 173, 174, 177, 178, 182, 184, 185, 188, 189, 193, 195, 196, 197, 200, 201, 205, 206, 208, 209, 211, 212, 214, 217, 218, 221, 223, 224, 225, 226, 229, 230, 231, 234, 235, 237, 238, 241, 242, 243, 244, 245, 246, 249, 250, 251, 254, 255, 257, 262, 263, 265, 275], "summary": {"covered_lines": 126, "num_statements": 165, "percent_covered": 76.36363636363636, "percent_covered_display": "76", "missing_lines": 39, "excluded_lines": 0, "percent_statements_covered": 76.36363636363636, "percent_statements_covered_display": "76"}, "missing_lines": [30, 52, 53, 54, 55, 56, 57, 58, 59, 60, 66, 67, 68, 69, 70, 71, 72, 73, 74, 79, 80, 84, 105, 113, 119, 130, 154, 161, 162, 163, 183, 194, 210, 213, 236, 258, 259, 261, 264], "excluded_lines": [], "functions": {"get_user_organizations": {"executed_lines": [12, 13, 14, 15, 16, 17, 18, 19], "summary": {"covered_lines": 8, "num_statements": 8, "percent_covered": 100.0, "percent_covered_display": "100", "missing_lines": 0, "excluded_lines": 0, "percent_statements_covered": 100.0, "percent_statements_covered_display": "100"}, "missing_lines": [], "excluded_lines": [], "start_line": 11}, "get_organization_members": {"executed_lines": [23, 24, 25, 27, 28, 29, 31, 32, 34, 35, 36, 37, 39, 40, 41, 42, 43, 45, 46, 49, 50, 51, 63, 64, 65, 75], "summary": {"covered_lines": 26, "num_statements": 45, "percent_covered": 57.77777777777778, "percent_covered_display": "58", "missing_lines": 19, "excluded_lines": 0, "percent_statements_covered": 57.77777777777778, "percent_statements_covered_display": "58"}, "missing_lines": [30, 52, 53, 54, 55, 56, 57, 58, 59, 60, 66, 67, 68, 69, 70, 71, 72, 73, 74], "excluded_lines": [], "start_line": 22}, "search_organizations": {"executed_lines": [], "summary": {"covered_lines": 0, "num_statements": 2, "percent_covered": 0.0, "percent_covered_display": "0", "missing_lines": 2, "excluded_lines": 0, "percent_statements_covered": 0.0, "percent_statements_covered_display": "0"}, "missing_lines": [79, 80], "excluded_lines": [], "start_line": 78}, "list_org_invites": {"executed_lines": [], "summary": {"covered_lines": 0, "num_statements": 1, "percent_covered": 0.0, "percent_covered_display": "0", "missing_lines": 1, "excluded_lines": 0, "percent_statements_covered": 0.0, "percent_statements_covered_display": "0"}, "missing_lines": [84], "excluded_lines": [], "start_line": 83}, "list_org_requests": {"executed_lines": [91], "summary": {"covered_lines": 1, "num_statements": 1, "percent_covered": 100.0, "percent_covered_display": "100", "missing_lines": 0, "excluded_lines": 0, "percent_statements_covered": 100.0, "percent_statements_covered_display": "100"}, "missing_lines": [], "excluded_lines": [], "start_line": 90}, "list_my_invites": {"executed_lines": [98], "summary": {"covered_lines": 1, "num_statements": 1, "percent_covered": 100.0, "percent_covered_display": "100", "missing_lines": 0, "excluded_lines": 0, "percent_statements_covered": 100.0, "percent_statements_covered_display": "100"}, "missing_lines": [], "excluded_lines": [], "start_line": 97}, "list_my_requests": {"executed_lines": [], "summary": {"covered_lines": 0, "num_statements": 1, "percent_covered": 0.0, "percent_covered_display": "0", "missing_lines": 1, "excluded_lines": 0, "percent_statements_covered": 0.0, "percent_statements_covered_display": "0"}, "missing_lines": [105], "excluded_lines": [], "start_line": 104}, "is_user_org_member": {"executed_lines": [112, 114, 118, 121, 125], "summary": {"covered_lines": 5, "num_statements": 7, "percent_covered": 71.42857142857143, "percent_covered_display": "71", "missing_lines": 2, "excluded_lines": 0, "percent_statements_covered": 71.42857142857143, "percent_statements_covered_display": "71"}, "missing_lines": [113, 119], "excluded_lines": [], "start_line": 111}, "get_user_org_role": {"executed_lines": [129, 131, 132, 133, 134, 138, 139, 140, 144], "summary": {"covered_lines": 9, "num_statements": 10, "percent_covered": 90.0, "percent_covered_display": "90", "missing_lines": 1, "excluded_lines": 0, "percent_statements_covered": 90.0, "percent_statements_covered_display": "90"}, "missing_lines": [130], "excluded_lines": [], "start_line": 128}, "is_user_org_manager": {"executed_lines": [148, 149], "summary": {"covered_lines": 2, "num_statements": 2, "percent_covered": 100.0, "percent_covered_display": "100", "missing_lines": 0, "excluded_lines": 0, "percent_statements_covered": 100.0, "percent_statements_covered_display": "100"}, "missing_lines": [], "excluded_lines": [], "start_line": 147}, "ensure_user_org_membership": {"executed_lines": [153, 155, 159, 160, 165, 173, 174], "summary": {"covered_lines": 7, "num_statements": 11, "percent_covered": 63.63636363636363, "percent_covered_display": "64", "missing_lines": 4, "excluded_lines": 0, "percent_statements_covered": 63.63636363636363, "percent_statements_covered_display": "64"}, "missing_lines": [154, 161, 162, 163], "excluded_lines": [], "start_line": 152}, "remove_user_org_membership": {"executed_lines": [178, 182, 184, 185], "summary": {"covered_lines": 4, "num_statements": 5, "percent_covered": 80.0, "percent_covered_display": "80", "missing_lines": 1, "excluded_lines": 0, "percent_statements_covered": 80.0, "percent_statements_covered_display": "80"}, "missing_lines": [183], "excluded_lines": [], "start_line": 177}, "update_user_org_membership_role": {"executed_lines": [189, 193, 195, 196, 197], "summary": {"covered_lines": 5, "num_statements": 6, "percent_covered": 83.33333333333333, "percent_covered_display": "83", "missing_lines": 1, "excluded_lines": 0, "percent_statements_covered": 83.33333333333333, "percent_statements_covered_display": "83"}, "missing_lines": [194], "excluded_lines": [], "start_line": 188}, "remove_persona_org_membership": {"executed_lines": [201, 205, 206, 208, 209, 211, 212, 214], "summary": {"covered_lines": 8, "num_statements": 10, "percent_covered": 80.0, "percent_covered_display": "80", "missing_lines": 2, "excluded_lines": 0, "percent_statements_covered": 80.0, "percent_statements_covered_display": "80"}, "missing_lines": [210, 213], "excluded_lines": [], "start_line": 200}, "list_user_org_ids": {"executed_lines": [218, 221, 223, 224, 225, 226], "summary": {"covered_lines": 6, "num_statements": 6, "percent_covered": 100.0, "percent_covered_display": "100", "missing_lines": 0, "excluded_lines": 0, "percent_statements_covered": 100.0, "percent_statements_covered_display": "100"}, "missing_lines": [], "excluded_lines": [], "start_line": 217}, "get_primary_user_org_id": {"executed_lines": [230, 231], "summary": {"covered_lines": 2, "num_statements": 2, "percent_covered": 100.0, "percent_covered_display": "100", "missing_lines": 0, "excluded_lines": 0, "percent_statements_covered": 100.0, "percent_statements_covered_display": "100"}, "missing_lines": [], "excluded_lines": [], "start_line": 229}, "get_persona_org_ids": {"executed_lines": [235, 237, 238, 241, 242, 243, 244, 245, 246], "summary": {"covered_lines": 9, "num_statements": 10, "percent_covered": 90.0, "percent_covered_display": "90", "missing_lines": 1, "excluded_lines": 0, "percent_statements_covered": 90.0, "percent_statements_covered_display": "90"}, "missing_lines": [236], "excluded_lines": [], "start_line": 234}, "sync_persona_org_memberships": {"executed_lines": [250, 251, 254, 255, 257, 262, 263, 265], "summary": {"covered_lines": 8, "num_statements": 12, "percent_covered": 66.66666666666667, "percent_covered_display": "67", "missing_lines": 4, "excluded_lines": 0, "percent_statements_covered": 66.66666666666667, "percent_statements_covered_display": "67"}, "missing_lines": [258, 259, 261, 264], "excluded_lines": [], "start_line": 249}, "": {"executed_lines": [1, 2, 3, 5, 7, 8, 11, 22, 78, 83, 90, 97, 104, 111, 128, 147, 152, 177, 188, 200, 217, 229, 234, 249, 275], "summary": {"covered_lines": 25, "num_statements": 25, "percent_covered": 100.0, "percent_covered_display": "100", "missing_lines": 0, "excluded_lines": 0, "percent_statements_covered": 100.0, "percent_statements_covered_display": "100"}, "missing_lines": [], "excluded_lines": [], "start_line": 1}}, "classes": {"": {"executed_lines": [1, 2, 3, 5, 7, 8, 11, 12, 13, 14, 15, 16, 17, 18, 19, 22, 23, 24, 25, 27, 28, 29, 31, 32, 34, 35, 36, 37, 39, 40, 41, 42, 43, 45, 46, 49, 50, 51, 63, 64, 65, 75, 78, 83, 90, 91, 97, 98, 104, 111, 112, 114, 118, 121, 125, 128, 129, 131, 132, 133, 134, 138, 139, 140, 144, 147, 148, 149, 152, 153, 155, 159, 160, 165, 173, 174, 177, 178, 182, 184, 185, 188, 189, 193, 195, 196, 197, 200, 201, 205, 206, 208, 209, 211, 212, 214, 217, 218, 221, 223, 224, 225, 226, 229, 230, 231, 234, 235, 237, 238, 241, 242, 243, 244, 245, 246, 249, 250, 251, 254, 255, 257, 262, 263, 265, 275], "summary": {"covered_lines": 126, "num_statements": 165, "percent_covered": 76.36363636363636, "percent_covered_display": "76", "missing_lines": 39, "excluded_lines": 0, "percent_statements_covered": 76.36363636363636, "percent_statements_covered_display": "76"}, "missing_lines": [30, 52, 53, 54, 55, 56, 57, 58, 59, 60, 66, 67, 68, 69, 70, 71, 72, 73, 74, 79, 80, 84, 105, 113, 119, 130, 154, 161, 162, 163, 183, 194, 210, 213, 236, 258, 259, 261, 264], "excluded_lines": [], "start_line": 1}}}, "crud_ops/personas.py": {"executed_lines": [1, 2, 4, 6, 7, 8, 9, 12, 13, 29, 30, 31, 32, 33, 34, 37, 38, 39, 41, 42, 44, 46, 49, 50, 51, 52, 53, 54, 56, 57, 58, 59, 61, 64, 65, 66, 67, 68, 69, 70, 71, 74, 75, 76, 77, 80, 81, 82, 83, 84, 87], "summary": {"covered_lines": 51, "num_statements": 55, "percent_covered": 92.72727272727273, "percent_covered_display": "93", "missing_lines": 4, "excluded_lines": 0, "percent_statements_covered": 92.72727272727273, "percent_statements_covered_display": "93"}, "missing_lines": [40, 43, 45, 47], "excluded_lines": [], "functions": {"create_persona": {"executed_lines": [13, 29, 30, 31, 32, 33, 34], "summary": {"covered_lines": 7, "num_statements": 7, "percent_covered": 100.0, "percent_covered_display": "100", "missing_lines": 0, "excluded_lines": 0, "percent_statements_covered": 100.0, "percent_statements_covered_display": "100"}, "missing_lines": [], "excluded_lines": [], "start_line": 12}, "update_persona": {"executed_lines": [38, 39, 41, 42, 44, 46, 49, 50, 51, 52, 53, 54, 56, 57, 58, 59, 61], "summary": {"covered_lines": 17, "num_statements": 21, "percent_covered": 80.95238095238095, "percent_covered_display": "81", "missing_lines": 4, "excluded_lines": 0, "percent_statements_covered": 80.95238095238095, "percent_statements_covered_display": "81"}, "missing_lines": [40, 43, 45, 47], "excluded_lines": [], "start_line": 37}, "get_user_personas": {"executed_lines": [65, 66, 67, 68, 69, 70, 71], "summary": {"covered_lines": 7, "num_statements": 7, "percent_covered": 100.0, "percent_covered_display": "100", "missing_lines": 0, "excluded_lines": 0, "percent_statements_covered": 100.0, "percent_statements_covered_display": "100"}, "missing_lines": [], "excluded_lines": [], "start_line": 64}, "delete_persona": {"executed_lines": [75, 76, 77, 80, 81, 82, 83, 84], "summary": {"covered_lines": 8, "num_statements": 8, "percent_covered": 100.0, "percent_covered_display": "100", "missing_lines": 0, "excluded_lines": 0, "percent_statements_covered": 100.0, "percent_statements_covered_display": "100"}, "missing_lines": [], "excluded_lines": [], "start_line": 74}, "": {"executed_lines": [1, 2, 4, 6, 7, 8, 9, 12, 37, 64, 74, 87], "summary": {"covered_lines": 12, "num_statements": 12, "percent_covered": 100.0, "percent_covered_display": "100", "missing_lines": 0, "excluded_lines": 0, "percent_statements_covered": 100.0, "percent_statements_covered_display": "100"}, "missing_lines": [], "excluded_lines": [], "start_line": 1}}, "classes": {"": {"executed_lines": [1, 2, 4, 6, 7, 8, 9, 12, 13, 29, 30, 31, 32, 33, 34, 37, 38, 39, 41, 42, 44, 46, 49, 50, 51, 52, 53, 54, 56, 57, 58, 59, 61, 64, 65, 66, 67, 68, 69, 70, 71, 74, 75, 76, 77, 80, 81, 82, 83, 84, 87], "summary": {"covered_lines": 51, "num_statements": 55, "percent_covered": 92.72727272727273, "percent_covered_display": "93", "missing_lines": 4, "excluded_lines": 0, "percent_statements_covered": 92.72727272727273, "percent_statements_covered_display": "93"}, "missing_lines": [40, 43, 45, 47], "excluded_lines": [], "start_line": 1}}}, "crud_ops/scripts.py": {"executed_lines": [1, 2, 4], "summary": {"covered_lines": 3, "num_statements": 3, "percent_covered": 100.0, "percent_covered_display": "100", "missing_lines": 0, "excluded_lines": 0, "percent_statements_covered": 100.0, "percent_statements_covered_display": "100"}, "missing_lines": [], "excluded_lines": [], "functions": {"": {"executed_lines": [1, 2, 4], "summary": {"covered_lines": 3, "num_statements": 3, "percent_covered": 100.0, "percent_covered_display": "100", "missing_lines": 0, "excluded_lines": 0, "percent_statements_covered": 100.0, "percent_statements_covered_display": "100"}, "missing_lines": [], "excluded_lines": [], "start_line": 1}}, "classes": {"": {"executed_lines": [1, 2, 4], "summary": {"covered_lines": 3, "num_statements": 3, "percent_covered": 100.0, "percent_covered_display": "100", "missing_lines": 0, "excluded_lines": 0, "percent_statements_covered": 100.0, "percent_statements_covered_display": "100"}, "missing_lines": [], "excluded_lines": [], "start_line": 1}}}, "crud_ops/scripts_command.py": {"executed_lines": [1, 2, 3, 5, 7, 8, 9, 10, 13, 14, 20, 21, 22, 32, 33, 35, 49, 55, 57, 58, 59, 61, 62, 64, 67, 68, 69, 70, 72, 73, 74, 76, 81, 82, 84, 85, 94, 95, 96, 98, 100, 101, 102, 103, 106, 107, 108, 109, 111, 112, 113, 118, 119, 120, 123, 124, 125, 126, 130, 131, 132, 133, 134, 135, 138, 139, 140, 143, 144, 150, 151, 152, 153, 154, 156, 157, 158, 159, 160, 163], "summary": {"covered_lines": 80, "num_statements": 91, "percent_covered": 87.91208791208791, "percent_covered_display": "88", "missing_lines": 11, "excluded_lines": 0, "percent_statements_covered": 87.91208791208791, "percent_statements_covered_display": "88"}, "missing_lines": [15, 16, 17, 18, 86, 87, 88, 89, 90, 91, 93], "excluded_lines": [], "functions": {"create_script": {"executed_lines": [14, 20, 21, 22, 32, 33, 35, 49, 55, 57, 58, 59, 61, 62, 64], "summary": {"covered_lines": 15, "num_statements": 19, "percent_covered": 78.94736842105263, "percent_covered_display": "79", "missing_lines": 4, "excluded_lines": 0, "percent_statements_covered": 78.94736842105263, "percent_statements_covered_display": "79"}, "missing_lines": [15, 16, 17, 18], "excluded_lines": [], "start_line": 13}, "update_script": {"executed_lines": [68, 69, 70, 72, 73, 74, 76, 81, 82, 84, 85, 94, 95, 96, 98, 100, 101, 102, 103], "summary": {"covered_lines": 19, "num_statements": 26, "percent_covered": 73.07692307692308, "percent_covered_display": "73", "missing_lines": 7, "excluded_lines": 0, "percent_statements_covered": 73.07692307692308, "percent_statements_covered_display": "73"}, "missing_lines": [86, 87, 88, 89, 90, 91, 93], "excluded_lines": [], "start_line": 67}, "delete_script": {"executed_lines": [107, 108, 109, 111, 112, 113, 118, 119, 120], "summary": {"covered_lines": 9, "num_statements": 9, "percent_covered": 100.0, "percent_covered_display": "100", "missing_lines": 0, "excluded_lines": 0, "percent_statements_covered": 100.0, "percent_statements_covered_display": "100"}, "missing_lines": [], "excluded_lines": [], "start_line": 106}, "reorder_scripts": {"executed_lines": [124, 125, 126, 130, 131, 132, 133, 134, 135], "summary": {"covered_lines": 9, "num_statements": 9, "percent_covered": 100.0, "percent_covered_display": "100", "missing_lines": 0, "excluded_lines": 0, "percent_statements_covered": 100.0, "percent_statements_covered_display": "100"}, "missing_lines": [], "excluded_lines": [], "start_line": 123}, "increment_script_view": {"executed_lines": [139, 140], "summary": {"covered_lines": 2, "num_statements": 2, "percent_covered": 100.0, "percent_covered_display": "100", "missing_lines": 0, "excluded_lines": 0, "percent_statements_covered": 100.0, "percent_statements_covered_display": "100"}, "missing_lines": [], "excluded_lines": [], "start_line": 138}, "toggle_script_like": {"executed_lines": [144, 150, 151, 152, 153, 154, 156, 157, 158, 159, 160], "summary": {"covered_lines": 11, "num_statements": 11, "percent_covered": 100.0, "percent_covered_display": "100", "missing_lines": 0, "excluded_lines": 0, "percent_statements_covered": 100.0, "percent_statements_covered_display": "100"}, "missing_lines": [], "excluded_lines": [], "start_line": 143}, "": {"executed_lines": [1, 2, 3, 5, 7, 8, 9, 10, 13, 67, 106, 123, 138, 143, 163], "summary": {"covered_lines": 15, "num_statements": 15, "percent_covered": 100.0, "percent_covered_display": "100", "missing_lines": 0, "excluded_lines": 0, "percent_statements_covered": 100.0, "percent_statements_covered_display": "100"}, "missing_lines": [], "excluded_lines": [], "start_line": 1}}, "classes": {"": {"executed_lines": [1, 2, 3, 5, 7, 8, 9, 10, 13, 14, 20, 21, 22, 32, 33, 35, 49, 55, 57, 58, 59, 61, 62, 64, 67, 68, 69, 70, 72, 73, 74, 76, 81, 82, 84, 85, 94, 95, 96, 98, 100, 101, 102, 103, 106, 107, 108, 109, 111, 112, 113, 118, 119, 120, 123, 124, 125, 126, 130, 131, 132, 133, 134, 135, 138, 139, 140, 143, 144, 150, 151, 152, 153, 154, 156, 157, 158, 159, 160, 163], "summary": {"covered_lines": 80, "num_statements": 91, "percent_covered": 87.91208791208791, "percent_covered_display": "88", "missing_lines": 11, "excluded_lines": 0, "percent_statements_covered": 87.91208791208791, "percent_statements_covered_display": "88"}, "missing_lines": [15, 16, 17, 18, 86, 87, 88, 89, 90, 91, 93], "excluded_lines": [], "start_line": 1}}}, "crud_ops/scripts_query.py": {"executed_lines": [1, 3, 4, 6, 7, 8, 11, 12, 14, 15, 16, 19, 20, 28, 29, 30, 31, 32, 35, 36, 43, 50, 58, 59, 65, 66, 68, 69, 70, 71, 72, 73, 74, 77, 85, 86, 88, 89, 96, 98, 100, 102, 107, 108, 110, 112, 114, 123, 124, 125, 126, 127, 129, 131, 132, 133, 134, 136, 137, 138, 139, 141, 142, 145, 148, 149, 150, 161], "summary": {"covered_lines": 68, "num_statements": 82, "percent_covered": 82.92682926829268, "percent_covered_display": "83", "missing_lines": 14, "excluded_lines": 0, "percent_statements_covered": 82.92682926829268, "percent_statements_covered_display": "83"}, "missing_lines": [13, 75, 97, 99, 109, 111, 115, 116, 117, 118, 119, 120, 121, 143], "excluded_lines": [], "functions": {"_normalize_persona_for_public": {"executed_lines": [12, 14, 15, 16], "summary": {"covered_lines": 4, "num_statements": 5, "percent_covered": 80.0, "percent_covered_display": "80", "missing_lines": 1, "excluded_lines": 0, "percent_statements_covered": 80.0, "percent_statements_covered_display": "80"}, "missing_lines": [13], "excluded_lines": [], "start_line": 11}, "get_scripts": {"executed_lines": [20, 28, 29, 30, 31, 32], "summary": {"covered_lines": 6, "num_statements": 6, "percent_covered": 100.0, "percent_covered_display": "100", "missing_lines": 0, "excluded_lines": 0, "percent_statements_covered": 100.0, "percent_statements_covered_display": "100"}, "missing_lines": [], "excluded_lines": [], "start_line": 19}, "get_script": {"executed_lines": [36], "summary": {"covered_lines": 1, "num_statements": 1, "percent_covered": 100.0, "percent_covered_display": "100", "missing_lines": 0, "excluded_lines": 0, "percent_statements_covered": 100.0, "percent_statements_covered_display": "100"}, "missing_lines": [], "excluded_lines": [], "start_line": 35}, "get_public_scripts": {"executed_lines": [50, 58, 59, 65, 66, 68, 69, 70, 71, 72, 73, 74, 77, 85, 86, 88, 89, 96, 98, 100, 102, 107, 108, 110, 112, 114, 123, 124, 125, 126, 127, 129, 131, 132, 133, 134, 136, 137, 138, 139, 141, 142, 145], "summary": {"covered_lines": 43, "num_statements": 56, "percent_covered": 76.78571428571429, "percent_covered_display": "77", "missing_lines": 13, "excluded_lines": 0, "percent_statements_covered": 76.78571428571429, "percent_statements_covered_display": "77"}, "missing_lines": [75, 97, 99, 109, 111, 115, 116, 117, 118, 119, 120, 121, 143], "excluded_lines": [], "start_line": 43}, "search_scripts": {"executed_lines": [149, 150], "summary": {"covered_lines": 2, "num_statements": 2, "percent_covered": 100.0, "percent_covered_display": "100", "missing_lines": 0, "excluded_lines": 0, "percent_statements_covered": 100.0, "percent_statements_covered_display": "100"}, "missing_lines": [], "excluded_lines": [], "start_line": 148}, "": {"executed_lines": [1, 3, 4, 6, 7, 8, 11, 19, 35, 43, 148, 161], "summary": {"covered_lines": 12, "num_statements": 12, "percent_covered": 100.0, "percent_covered_display": "100", "missing_lines": 0, "excluded_lines": 0, "percent_statements_covered": 100.0, "percent_statements_covered_display": "100"}, "missing_lines": [], "excluded_lines": [], "start_line": 1}}, "classes": {"": {"executed_lines": [1, 3, 4, 6, 7, 8, 11, 12, 14, 15, 16, 19, 20, 28, 29, 30, 31, 32, 35, 36, 43, 50, 58, 59, 65, 66, 68, 69, 70, 71, 72, 73, 74, 77, 85, 86, 88, 89, 96, 98, 100, 102, 107, 108, 110, 112, 114, 123, 124, 125, 126, 127, 129, 131, 132, 133, 134, 136, 137, 138, 139, 141, 142, 145, 148, 149, 150, 161], "summary": {"covered_lines": 68, "num_statements": 82, "percent_covered": 82.92682926829268, "percent_covered_display": "83", "missing_lines": 14, "excluded_lines": 0, "percent_statements_covered": 82.92682926829268, "percent_statements_covered_display": "83"}, "missing_lines": [13, 75, 97, 99, 109, 111, 115, 116, 117, 118, 119, 120, 121, 143], "excluded_lines": [], "start_line": 1}}}, "crud_ops/series.py": {"executed_lines": [1, 2, 3, 4, 6, 7, 9, 10, 13, 14, 15, 16, 17, 20, 21, 22, 23, 24, 25, 26, 27, 28, 29, 30, 31, 34, 35, 43, 44, 45, 46, 47, 50, 51, 54, 55, 56, 57, 58, 68, 69, 70, 71, 72, 75, 76, 77, 78, 79, 80, 81, 82, 83, 84, 85, 86, 87, 88, 89, 90, 91, 92, 93, 96, 97, 98, 99, 100, 104, 105, 106, 109], "summary": {"covered_lines": 72, "num_statements": 72, "percent_covered": 100.0, "percent_covered_display": "100", "missing_lines": 0, "excluded_lines": 0, "percent_statements_covered": 100.0, "percent_statements_covered_display": "100"}, "missing_lines": [], "excluded_lines": [], "functions": {"_slugify": {"executed_lines": [14, 15, 16, 17], "summary": {"covered_lines": 4, "num_statements": 4, "percent_covered": 100.0, "percent_covered_display": "100", "missing_lines": 0, "excluded_lines": 0, "percent_statements_covered": 100.0, "percent_statements_covered_display": "100"}, "missing_lines": [], "excluded_lines": [], "start_line": 13}, "_ensure_unique_slug": {"executed_lines": [21, 22, 23, 24, 25, 26, 27, 28, 29, 30, 31], "summary": {"covered_lines": 11, "num_statements": 11, "percent_covered": 100.0, "percent_covered_display": "100", "missing_lines": 0, "excluded_lines": 0, "percent_statements_covered": 100.0, "percent_statements_covered_display": "100"}, "missing_lines": [], "excluded_lines": [], "start_line": 20}, "get_series": {"executed_lines": [35, 43, 44, 45, 46, 47], "summary": {"covered_lines": 6, "num_statements": 6, "percent_covered": 100.0, "percent_covered_display": "100", "missing_lines": 0, "excluded_lines": 0, "percent_statements_covered": 100.0, "percent_statements_covered_display": "100"}, "missing_lines": [], "excluded_lines": [], "start_line": 34}, "get_series_by_id": {"executed_lines": [51], "summary": {"covered_lines": 1, "num_statements": 1, "percent_covered": 100.0, "percent_covered_display": "100", "missing_lines": 0, "excluded_lines": 0, "percent_statements_covered": 100.0, "percent_statements_covered_display": "100"}, "missing_lines": [], "excluded_lines": [], "start_line": 50}, "create_series": {"executed_lines": [55, 56, 57, 58, 68, 69, 70, 71, 72], "summary": {"covered_lines": 9, "num_statements": 9, "percent_covered": 100.0, "percent_covered_display": "100", "missing_lines": 0, "excluded_lines": 0, "percent_statements_covered": 100.0, "percent_statements_covered_display": "100"}, "missing_lines": [], "excluded_lines": [], "start_line": 54}, "update_series": {"executed_lines": [76, 77, 78, 79, 80, 81, 82, 83, 84, 85, 86, 87, 88, 89, 90, 91, 92, 93], "summary": {"covered_lines": 18, "num_statements": 18, "percent_covered": 100.0, "percent_covered_display": "100", "missing_lines": 0, "excluded_lines": 0, "percent_statements_covered": 100.0, "percent_statements_covered_display": "100"}, "missing_lines": [], "excluded_lines": [], "start_line": 75}, "delete_series": {"executed_lines": [97, 98, 99, 100, 104, 105, 106], "summary": {"covered_lines": 7, "num_statements": 7, "percent_covered": 100.0, "percent_covered_display": "100", "missing_lines": 0, "excluded_lines": 0, "percent_statements_covered": 100.0, "percent_statements_covered_display": "100"}, "missing_lines": [], "excluded_lines": [], "start_line": 96}, "": {"executed_lines": [1, 2, 3, 4, 6, 7, 9, 10, 13, 20, 34, 50, 54, 75, 96, 109], "summary": {"covered_lines": 16, "num_statements": 16, "percent_covered": 100.0, "percent_covered_display": "100", "missing_lines": 0, "excluded_lines": 0, "percent_statements_covered": 100.0, "percent_statements_covered_display": "100"}, "missing_lines": [], "excluded_lines": [], "start_line": 1}}, "classes": {"": {"executed_lines": [1, 2, 3, 4, 6, 7, 9, 10, 13, 14, 15, 16, 17, 20, 21, 22, 23, 24, 25, 26, 27, 28, 29, 30, 31, 34, 35, 43, 44, 45, 46, 47, 50, 51, 54, 55, 56, 57, 58, 68, 69, 70, 71, 72, 75, 76, 77, 78, 79, 80, 81, 82, 83, 84, 85, 86, 87, 88, 89, 90, 91, 92, 93, 96, 97, 98, 99, 100, 104, 105, 106, 109], "summary": {"covered_lines": 72, "num_statements": 72, "percent_covered": 100.0, "percent_covered_display": "100", "missing_lines": 0, "excluded_lines": 0, "percent_statements_covered": 100.0, "percent_statements_covered_display": "100"}, "missing_lines": [], "excluded_lines": [], "start_line": 1}}}, "crud_ops/tags.py": {"executed_lines": [1, 3, 4, 7, 8, 11, 12, 13, 14, 15, 16, 17, 18, 19, 20, 23, 24, 25, 28, 29, 30, 31, 32, 33, 34, 37, 38, 39, 42], "summary": {"covered_lines": 29, "num_statements": 29, "percent_covered": 100.0, "percent_covered_display": "100", "missing_lines": 0, "excluded_lines": 0, "percent_statements_covered": 100.0, "percent_statements_covered_display": "100"}, "missing_lines": [], "excluded_lines": [], "functions": {"get_tags": {"executed_lines": [8], "summary": {"covered_lines": 1, "num_statements": 1, "percent_covered": 100.0, "percent_covered_display": "100", "missing_lines": 0, "excluded_lines": 0, "percent_statements_covered": 100.0, "percent_statements_covered_display": "100"}, "missing_lines": [], "excluded_lines": [], "start_line": 7}, "create_tag": {"executed_lines": [12, 13, 14, 15, 16, 17, 18, 19, 20], "summary": {"covered_lines": 9, "num_statements": 9, "percent_covered": 100.0, "percent_covered_display": "100", "missing_lines": 0, "excluded_lines": 0, "percent_statements_covered": 100.0, "percent_statements_covered_display": "100"}, "missing_lines": [], "excluded_lines": [], "start_line": 11}, "delete_tag": {"executed_lines": [24, 25], "summary": {"covered_lines": 2, "num_statements": 2, "percent_covered": 100.0, "percent_covered_display": "100", "missing_lines": 0, "excluded_lines": 0, "percent_statements_covered": 100.0, "percent_statements_covered_display": "100"}, "missing_lines": [], "excluded_lines": [], "start_line": 23}, "add_tag_to_script": {"executed_lines": [29, 30, 31, 32, 33, 34], "summary": {"covered_lines": 6, "num_statements": 6, "percent_covered": 100.0, "percent_covered_display": "100", "missing_lines": 0, "excluded_lines": 0, "percent_statements_covered": 100.0, "percent_statements_covered_display": "100"}, "missing_lines": [], "excluded_lines": [], "start_line": 28}, "remove_tag_from_script": {"executed_lines": [38, 39], "summary": {"covered_lines": 2, "num_statements": 2, "percent_covered": 100.0, "percent_covered_display": "100", "missing_lines": 0, "excluded_lines": 0, "percent_statements_covered": 100.0, "percent_statements_covered_display": "100"}, "missing_lines": [], "excluded_lines": [], "start_line": 37}, "": {"executed_lines": [1, 3, 4, 7, 11, 23, 28, 37, 42], "summary": {"covered_lines": 9, "num_statements": 9, "percent_covered": 100.0, "percent_covered_display": "100", "missing_lines": 0, "excluded_lines": 0, "percent_statements_covered": 100.0, "percent_statements_covered_display": "100"}, "missing_lines": [], "excluded_lines": [], "start_line": 1}}, "classes": {"": {"executed_lines": [1, 3, 4, 7, 8, 11, 12, 13, 14, 15, 16, 17, 18, 19, 20, 23, 24, 25, 28, 29, 30, 31, 32, 33, 34, 37, 38, 39, 42], "summary": {"covered_lines": 29, "num_statements": 29, "percent_covered": 100.0, "percent_covered_display": "100", "missing_lines": 0, "excluded_lines": 0, "percent_statements_covered": 100.0, "percent_statements_covered_display": "100"}, "missing_lines": [], "excluded_lines": [], "start_line": 1}}}, "crud_ops/themes.py": {"executed_lines": [1, 2, 3, 4, 6, 7, 9, 10, 12, 13, 16, 17, 20, 21, 31, 32, 35, 36, 37, 38, 39, 40, 43, 44, 45, 46, 47, 48, 49, 50, 51, 52, 53, 57, 58, 59, 60, 61, 62, 63, 66, 67, 75, 76, 77, 78, 81, 82, 87, 88, 90, 91, 92, 93, 94, 96, 97, 98, 99, 102, 103, 108, 112, 115, 116, 117, 118, 119, 128, 138, 139, 140, 141, 144], "summary": {"covered_lines": 74, "num_statements": 82, "percent_covered": 90.2439024390244, "percent_covered_display": "90", "missing_lines": 8, "excluded_lines": 0, "percent_statements_covered": 90.2439024390244, "percent_statements_covered_display": "90"}, "missing_lines": [54, 120, 121, 122, 123, 124, 125, 126], "excluded_lines": [], "functions": {"get_user_themes": {"executed_lines": [17], "summary": {"covered_lines": 1, "num_statements": 1, "percent_covered": 100.0, "percent_covered_display": "100", "missing_lines": 0, "excluded_lines": 0, "percent_statements_covered": 100.0, "percent_statements_covered_display": "100"}, "missing_lines": [], "excluded_lines": [], "start_line": 16}, "get_public_themes": {"executed_lines": [21], "summary": {"covered_lines": 1, "num_statements": 1, "percent_covered": 100.0, "percent_covered_display": "100", "missing_lines": 0, "excluded_lines": 0, "percent_statements_covered": 100.0, "percent_statements_covered_display": "100"}, "missing_lines": [], "excluded_lines": [], "start_line": 20}, "get_system_default_theme": {"executed_lines": [32], "summary": {"covered_lines": 1, "num_statements": 1, "percent_covered": 100.0, "percent_covered_display": "100", "missing_lines": 0, "excluded_lines": 0, "percent_statements_covered": 100.0, "percent_statements_covered_display": "100"}, "missing_lines": [], "excluded_lines": [], "start_line": 31}, "get_system_default_configs": {"executed_lines": [36, 37, 38, 39, 40], "summary": {"covered_lines": 5, "num_statements": 5, "percent_covered": 100.0, "percent_covered_display": "100", "missing_lines": 0, "excluded_lines": 0, "percent_statements_covered": 100.0, "percent_statements_covered_display": "100"}, "missing_lines": [], "excluded_lines": [], "start_line": 35}, "_parse_theme_configs": {"executed_lines": [44, 45, 46, 47, 48, 49, 50, 51, 52, 53], "summary": {"covered_lines": 10, "num_statements": 11, "percent_covered": 90.9090909090909, "percent_covered_display": "91", "missing_lines": 1, "excluded_lines": 0, "percent_statements_covered": 90.9090909090909, "percent_statements_covered_display": "91"}, "missing_lines": [54], "excluded_lines": [], "start_line": 43}, "_serialize_theme_configs": {"executed_lines": [58, 59, 60, 61, 62, 63], "summary": {"covered_lines": 6, "num_statements": 6, "percent_covered": 100.0, "percent_covered_display": "100", "missing_lines": 0, "excluded_lines": 0, "percent_statements_covered": 100.0, "percent_statements_covered_display": "100"}, "missing_lines": [], "excluded_lines": [], "start_line": 57}, "create_theme": {"executed_lines": [67, 75, 76, 77, 78], "summary": {"covered_lines": 5, "num_statements": 5, "percent_covered": 100.0, "percent_covered_display": "100", "missing_lines": 0, "excluded_lines": 0, "percent_statements_covered": 100.0, "percent_statements_covered_display": "100"}, "missing_lines": [], "excluded_lines": [], "start_line": 66}, "update_theme": {"executed_lines": [82, 87, 88, 90, 91, 92, 93, 94, 96, 97, 98, 99], "summary": {"covered_lines": 12, "num_statements": 12, "percent_covered": 100.0, "percent_covered_display": "100", "missing_lines": 0, "excluded_lines": 0, "percent_statements_covered": 100.0, "percent_statements_covered_display": "100"}, "missing_lines": [], "excluded_lines": [], "start_line": 81}, "delete_theme": {"executed_lines": [103, 108, 112], "summary": {"covered_lines": 3, "num_statements": 3, "percent_covered": 100.0, "percent_covered_display": "100", "missing_lines": 0, "excluded_lines": 0, "percent_statements_covered": 100.0, "percent_statements_covered_display": "100"}, "missing_lines": [], "excluded_lines": [], "start_line": 102}, "upsert_system_default_configs": {"executed_lines": [116, 117, 118, 119, 128, 138, 139, 140, 141], "summary": {"covered_lines": 9, "num_statements": 16, "percent_covered": 56.25, "percent_covered_display": "56", "missing_lines": 7, "excluded_lines": 0, "percent_statements_covered": 56.25, "percent_statements_covered_display": "56"}, "missing_lines": [120, 121, 122, 123, 124, 125, 126], "excluded_lines": [], "start_line": 115}, "": {"executed_lines": [1, 2, 3, 4, 6, 7, 9, 10, 12, 13, 16, 20, 31, 35, 43, 57, 66, 81, 102, 115, 144], "summary": {"covered_lines": 21, "num_statements": 21, "percent_covered": 100.0, "percent_covered_display": "100", "missing_lines": 0, "excluded_lines": 0, "percent_statements_covered": 100.0, "percent_statements_covered_display": "100"}, "missing_lines": [], "excluded_lines": [], "start_line": 1}}, "classes": {"": {"executed_lines": [1, 2, 3, 4, 6, 7, 9, 10, 12, 13, 16, 17, 20, 21, 31, 32, 35, 36, 37, 38, 39, 40, 43, 44, 45, 46, 47, 48, 49, 50, 51, 52, 53, 57, 58, 59, 60, 61, 62, 63, 66, 67, 75, 76, 77, 78, 81, 82, 87, 88, 90, 91, 92, 93, 94, 96, 97, 98, 99, 102, 103, 108, 112, 115, 116, 117, 118, 119, 128, 138, 139, 140, 141, 144], "summary": {"covered_lines": 74, "num_statements": 82, "percent_covered": 90.2439024390244, "percent_covered_display": "90", "missing_lines": 8, "excluded_lines": 0, "percent_statements_covered": 90.2439024390244, "percent_statements_covered_display": "90"}, "missing_lines": [54, 120, 121, 122, 123, 124, 125, 126], "excluded_lines": [], "start_line": 1}}}, "crud_ops/transfers.py": {"executed_lines": [1, 3, 5, 6, 9, 10, 11, 14, 15, 16, 18, 19, 20, 22, 23, 24, 25, 27, 28, 29, 30, 31, 32, 35, 36, 37, 40, 41, 44, 45, 46, 48, 49, 50, 51, 53, 54, 55, 56, 57, 58, 61, 62, 63, 66, 67, 68, 69, 70, 73, 84, 85, 86, 87, 89, 90, 91, 93, 94, 95, 97, 98, 99, 101, 102, 109, 110, 111, 114, 115, 118, 119, 120, 121, 122, 123, 124, 125, 132], "summary": {"covered_lines": 79, "num_statements": 101, "percent_covered": 78.21782178217822, "percent_covered_display": "78", "missing_lines": 22, "excluded_lines": 0, "percent_statements_covered": 78.21782178217822, "percent_statements_covered_display": "78"}, "missing_lines": [12, 38, 42, 64, 74, 75, 76, 77, 78, 79, 80, 81, 103, 104, 105, 106, 112, 116, 126, 127, 128, 129], "excluded_lines": [], "functions": {"transfer_organization": {"executed_lines": [10, 11, 14, 15, 16, 18, 19, 20, 22, 23, 24, 25, 27, 28, 29, 30, 31, 32], "summary": {"covered_lines": 18, "num_statements": 19, "percent_covered": 94.73684210526316, "percent_covered_display": "95", "missing_lines": 1, "excluded_lines": 0, "percent_statements_covered": 94.73684210526316, "percent_statements_covered_display": "95"}, "missing_lines": [12], "excluded_lines": [], "start_line": 9}, "transfer_organization_admin": {"executed_lines": [36, 37, 40, 41, 44, 45, 46, 48, 49, 50, 51, 53, 54, 55, 56, 57, 58], "summary": {"covered_lines": 17, "num_statements": 19, "percent_covered": 89.47368421052632, "percent_covered_display": "89", "missing_lines": 2, "excluded_lines": 0, "percent_statements_covered": 89.47368421052632, "percent_statements_covered_display": "89"}, "missing_lines": [38, 42], "excluded_lines": [], "start_line": 35}, "transfer_script_ownership": {"executed_lines": [62, 63, 66, 67, 68, 69, 70], "summary": {"covered_lines": 7, "num_statements": 8, "percent_covered": 87.5, "percent_covered_display": "88", "missing_lines": 1, "excluded_lines": 0, "percent_statements_covered": 87.5, "percent_statements_covered_display": "88"}, "missing_lines": [64], "excluded_lines": [], "start_line": 61}, "transfer_script_ownership_admin": {"executed_lines": [], "summary": {"covered_lines": 0, "num_statements": 8, "percent_covered": 0.0, "percent_covered_display": "0", "missing_lines": 8, "excluded_lines": 0, "percent_statements_covered": 0.0, "percent_statements_covered_display": "0"}, "missing_lines": [74, 75, 76, 77, 78, 79, 80, 81], "excluded_lines": [], "start_line": 73}, "transfer_persona_ownership": {"executed_lines": [85, 86, 87, 89, 90, 91, 93, 94, 95, 97, 98, 99, 101, 102], "summary": {"covered_lines": 14, "num_statements": 18, "percent_covered": 77.77777777777777, "percent_covered_display": "78", "missing_lines": 4, "excluded_lines": 0, "percent_statements_covered": 77.77777777777777, "percent_statements_covered_display": "78"}, "missing_lines": [103, 104, 105, 106], "excluded_lines": [], "start_line": 84}, "transfer_persona_ownership_admin": {"executed_lines": [110, 111, 114, 115, 118, 119, 120, 121, 122, 123, 124, 125], "summary": {"covered_lines": 12, "num_statements": 18, "percent_covered": 66.66666666666667, "percent_covered_display": "67", "missing_lines": 6, "excluded_lines": 0, "percent_statements_covered": 66.66666666666667, "percent_statements_covered_display": "67"}, "missing_lines": [112, 116, 126, 127, 128, 129], "excluded_lines": [], "start_line": 109}, "": {"executed_lines": [1, 3, 5, 6, 9, 35, 61, 73, 84, 109, 132], "summary": {"covered_lines": 11, "num_statements": 11, "percent_covered": 100.0, "percent_covered_display": "100", "missing_lines": 0, "excluded_lines": 0, "percent_statements_covered": 100.0, "percent_statements_covered_display": "100"}, "missing_lines": [], "excluded_lines": [], "start_line": 1}}, "classes": {"": {"executed_lines": [1, 3, 5, 6, 9, 10, 11, 14, 15, 16, 18, 19, 20, 22, 23, 24, 25, 27, 28, 29, 30, 31, 32, 35, 36, 37, 40, 41, 44, 45, 46, 48, 49, 50, 51, 53, 54, 55, 56, 57, 58, 61, 62, 63, 66, 67, 68, 69, 70, 73, 84, 85, 86, 87, 89, 90, 91, 93, 94, 95, 97, 98, 99, 101, 102, 109, 110, 111, 114, 115, 118, 119, 120, 121, 122, 123, 124, 125, 132], "summary": {"covered_lines": 79, "num_statements": 101, "percent_covered": 78.21782178217822, "percent_covered_display": "78", "missing_lines": 22, "excluded_lines": 0, "percent_statements_covered": 78.21782178217822, "percent_statements_covered_display": "78"}, "missing_lines": [12, 38, 42, 64, 74, 75, 76, 77, 78, 79, 80, 81, 103, 104, 105, 106, 112, 116, 126, 127, 128, 129], "excluded_lines": [], "start_line": 1}}}, "crud_ops/users.py": {"executed_lines": [1, 2, 4, 5, 7, 8, 11, 12, 15, 16, 17, 18, 19, 21, 22, 23, 25, 26, 28, 29, 30, 31, 32, 33, 34, 35, 38, 39, 40, 43, 44, 59], "summary": {"covered_lines": 32, "num_statements": 33, "percent_covered": 96.96969696969697, "percent_covered_display": "97", "missing_lines": 1, "excluded_lines": 0, "percent_statements_covered": 96.96969696969697, "percent_statements_covered_display": "97"}, "missing_lines": [41], "excluded_lines": [], "functions": {"get_user": {"executed_lines": [12], "summary": {"covered_lines": 1, "num_statements": 1, "percent_covered": 100.0, "percent_covered_display": "100", "missing_lines": 0, "excluded_lines": 0, "percent_statements_covered": 100.0, "percent_statements_covered_display": "100"}, "missing_lines": [], "excluded_lines": [], "start_line": 11}, "update_user": {"executed_lines": [16, 17, 18, 19, 21, 22, 23, 25, 26, 28, 29, 30, 31, 32, 33, 34, 35], "summary": {"covered_lines": 17, "num_statements": 17, "percent_covered": 100.0, "percent_covered_display": "100", "missing_lines": 0, "excluded_lines": 0, "percent_statements_covered": 100.0, "percent_statements_covered_display": "100"}, "missing_lines": [], "excluded_lines": [], "start_line": 15}, "search_users": {"executed_lines": [39, 40, 43, 44], "summary": {"covered_lines": 4, "num_statements": 5, "percent_covered": 80.0, "percent_covered_display": "80", "missing_lines": 1, "excluded_lines": 0, "percent_statements_covered": 80.0, "percent_statements_covered_display": "80"}, "missing_lines": [41], "excluded_lines": [], "start_line": 38}, "": {"executed_lines": [1, 2, 4, 5, 7, 8, 11, 15, 38, 59], "summary": {"covered_lines": 10, "num_statements": 10, "percent_covered": 100.0, "percent_covered_display": "100", "missing_lines": 0, "excluded_lines": 0, "percent_statements_covered": 100.0, "percent_statements_covered_display": "100"}, "missing_lines": [], "excluded_lines": [], "start_line": 1}}, "classes": {"": {"executed_lines": [1, 2, 4, 5, 7, 8, 11, 12, 15, 16, 17, 18, 19, 21, 22, 23, 25, 26, 28, 29, 30, 31, 32, 33, 34, 35, 38, 39, 40, 43, 44, 59], "summary": {"covered_lines": 32, "num_statements": 33, "percent_covered": 96.96969696969697, "percent_covered_display": "97", "missing_lines": 1, "excluded_lines": 0, "percent_statements_covered": 96.96969696969697, "percent_statements_covered_display": "97"}, "missing_lines": [41], "excluded_lines": [], "start_line": 1}}}, "database.py": {"executed_lines": [1, 2, 3, 5, 6, 7, 13, 15, 18, 20, 22], "summary": {"covered_lines": 11, "num_statements": 19, "percent_covered": 57.89473684210526, "percent_covered_display": "58", "missing_lines": 8, "excluded_lines": 0, "percent_statements_covered": 57.89473684210526, "percent_statements_covered_display": "58"}, "missing_lines": [8, 9, 10, 11, 23, 24, 25, 27], "excluded_lines": [], "functions": {"get_db": {"executed_lines": [], "summary": {"covered_lines": 0, "num_statements": 4, "percent_covered": 0.0, "percent_covered_display": "0", "missing_lines": 4, "excluded_lines": 0, "percent_statements_covered": 0.0, "percent_statements_covered_display": "0"}, "missing_lines": [23, 24, 25, 27], "excluded_lines": [], "start_line": 22}, "": {"executed_lines": [1, 2, 3, 5, 6, 7, 13, 15, 18, 20, 22], "summary": {"covered_lines": 11, "num_statements": 15, "percent_covered": 73.33333333333333, "percent_covered_display": "73", "missing_lines": 4, "excluded_lines": 0, "percent_statements_covered": 73.33333333333333, "percent_statements_covered_display": "73"}, "missing_lines": [8, 9, 10, 11], "excluded_lines": [], "start_line": 1}}, "classes": {"": {"executed_lines": [1, 2, 3, 5, 6, 7, 13, 15, 18, 20, 22], "summary": {"covered_lines": 11, "num_statements": 19, "percent_covered": 57.89473684210526, "percent_covered_display": "58", "missing_lines": 8, "excluded_lines": 0, "percent_statements_covered": 57.89473684210526, "percent_statements_covered_display": "58"}, "missing_lines": [8, 9, 10, 11, 23, 24, 25, 27], "excluded_lines": [], "start_line": 1}}}, "dependencies.py": {"executed_lines": [1, 2, 3, 4, 5, 7, 8, 9, 11, 12, 13, 15, 37, 38, 39, 40, 43, 44, 45, 46, 53, 54, 60, 67, 71, 72, 73, 74, 75, 76, 77, 78, 79, 80, 81, 82, 84, 85, 87, 89, 90, 93, 94, 96, 97, 99, 100, 101, 102, 103, 104, 107, 108, 111, 112, 113, 114, 115, 120], "summary": {"covered_lines": 59, "num_statements": 86, "percent_covered": 68.6046511627907, "percent_covered_display": "69", "missing_lines": 27, "excluded_lines": 0, "percent_statements_covered": 68.6046511627907, "percent_statements_covered_display": "69"}, "missing_lines": [17, 18, 19, 20, 21, 23, 24, 25, 26, 27, 28, 29, 31, 32, 33, 34, 35, 61, 62, 63, 65, 95, 105, 109, 116, 117, 118], "excluded_lines": [], "functions": {"_init_firebase_auth": {"executed_lines": [], "summary": {"covered_lines": 0, "num_statements": 17, "percent_covered": 0.0, "percent_covered_display": "0", "missing_lines": 17, "excluded_lines": 0, "percent_statements_covered": 0.0, "percent_statements_covered_display": "0"}, "missing_lines": [17, 18, 19, 20, 21, 23, 24, 25, 26, 27, 28, 29, 31, 32, 33, 34, 35], "excluded_lines": [], "start_line": 15}, "_allow_x_user_id": {"executed_lines": [38, 39, 40], "summary": {"covered_lines": 3, "num_statements": 3, "percent_covered": 100.0, "percent_covered_display": "100", "missing_lines": 0, "excluded_lines": 0, "percent_statements_covered": 100.0, "percent_statements_covered_display": "100"}, "missing_lines": [], "excluded_lines": [], "start_line": 37}, "_admin_user_ids": {"executed_lines": [44, 45, 46], "summary": {"covered_lines": 3, "num_statements": 3, "percent_covered": 100.0, "percent_covered_display": "100", "missing_lines": 0, "excluded_lines": 0, "percent_statements_covered": 100.0, "percent_statements_covered_display": "100"}, "missing_lines": [], "excluded_lines": [], "start_line": 43}, "_admin_user_emails": {"executed_lines": [54], "summary": {"covered_lines": 1, "num_statements": 1, "percent_covered": 100.0, "percent_covered_display": "100", "missing_lines": 0, "excluded_lines": 0, "percent_statements_covered": 100.0, "percent_statements_covered_display": "100"}, "missing_lines": [], "excluded_lines": [], "start_line": 53}, "get_db": {"executed_lines": [], "summary": {"covered_lines": 0, "num_statements": 4, "percent_covered": 0.0, "percent_covered_display": "0", "missing_lines": 4, "excluded_lines": 0, "percent_statements_covered": 0.0, "percent_statements_covered_display": "0"}, "missing_lines": [61, 62, 63, 65], "excluded_lines": [], "start_line": 60}, "get_current_user_id": {"executed_lines": [71, 72, 73, 74, 75, 76, 77, 78, 79, 80, 81, 82, 84, 85, 87], "summary": {"covered_lines": 15, "num_statements": 15, "percent_covered": 100.0, "percent_covered_display": "100", "missing_lines": 0, "excluded_lines": 0, "percent_statements_covered": 100.0, "percent_statements_covered_display": "100"}, "missing_lines": [], "excluded_lines": [], "start_line": 67}, "is_admin_user_id": {"executed_lines": [90], "summary": {"covered_lines": 1, "num_statements": 1, "percent_covered": 100.0, "percent_covered_display": "100", "missing_lines": 0, "excluded_lines": 0, "percent_statements_covered": 100.0, "percent_statements_covered_display": "100"}, "missing_lines": [], "excluded_lines": [], "start_line": 89}, "is_admin_user": {"executed_lines": [94, 96, 97, 99, 100, 101, 102, 103, 104, 107, 108, 111, 112, 113, 114, 115, 120], "summary": {"covered_lines": 17, "num_statements": 23, "percent_covered": 73.91304347826087, "percent_covered_display": "74", "missing_lines": 6, "excluded_lines": 0, "percent_statements_covered": 73.91304347826087, "percent_statements_covered_display": "74"}, "missing_lines": [95, 105, 109, 116, 117, 118], "excluded_lines": [], "start_line": 93}, "": {"executed_lines": [1, 2, 3, 4, 5, 7, 8, 9, 11, 12, 13, 15, 37, 43, 53, 60, 67, 89, 93], "summary": {"covered_lines": 19, "num_statements": 19, "percent_covered": 100.0, "percent_covered_display": "100", "missing_lines": 0, "excluded_lines": 0, "percent_statements_covered": 100.0, "percent_statements_covered_display": "100"}, "missing_lines": [], "excluded_lines": [], "start_line": 1}}, "classes": {"": {"executed_lines": [1, 2, 3, 4, 5, 7, 8, 9, 11, 12, 13, 15, 37, 38, 39, 40, 43, 44, 45, 46, 53, 54, 60, 67, 71, 72, 73, 74, 75, 76, 77, 78, 79, 80, 81, 82, 84, 85, 87, 89, 90, 93, 94, 96, 97, 99, 100, 101, 102, 103, 104, 107, 108, 111, 112, 113, 114, 115, 120], "summary": {"covered_lines": 59, "num_statements": 86, "percent_covered": 68.6046511627907, "percent_covered_display": "69", "missing_lines": 27, "excluded_lines": 0, "percent_statements_covered": 68.6046511627907, "percent_statements_covered_display": "69"}, "missing_lines": [17, 18, 19, 20, 21, 23, 24, 25, 26, 27, 28, 29, 31, 32, 33, 34, 35, 61, 62, 63, 65, 95, 105, 109, 116, 117, 118], "excluded_lines": [], "start_line": 1}}}, "inspect_raw_db.py": {"executed_lines": [], "summary": {"covered_lines": 0, "num_statements": 18, "percent_covered": 0.0, "percent_covered_display": "0", "missing_lines": 18, "excluded_lines": 0, "percent_statements_covered": 0.0, "percent_statements_covered_display": "0"}, "missing_lines": [2, 3, 5, 6, 7, 9, 10, 12, 15, 16, 18, 19, 20, 21, 23, 25, 27, 28], "excluded_lines": [], "functions": {"inspect_raw": {"executed_lines": [], "summary": {"covered_lines": 0, "num_statements": 13, "percent_covered": 0.0, "percent_covered_display": "0", "missing_lines": 13, "excluded_lines": 0, "percent_statements_covered": 0.0, "percent_statements_covered_display": "0"}, "missing_lines": [6, 7, 9, 10, 12, 15, 16, 18, 19, 20, 21, 23, 25], "excluded_lines": [], "start_line": 5}, "": {"executed_lines": [], "summary": {"covered_lines": 0, "num_statements": 5, "percent_covered": 0.0, "percent_covered_display": "0", "missing_lines": 5, "excluded_lines": 0, "percent_statements_covered": 0.0, "percent_statements_covered_display": "0"}, "missing_lines": [2, 3, 5, 27, 28], "excluded_lines": [], "start_line": 1}}, "classes": {"": {"executed_lines": [], "summary": {"covered_lines": 0, "num_statements": 18, "percent_covered": 0.0, "percent_covered_display": "0", "missing_lines": 18, "excluded_lines": 0, "percent_statements_covered": 0.0, "percent_statements_covered_display": "0"}, "missing_lines": [2, 3, 5, 6, 7, 9, 10, 12, 15, 16, 18, 19, 20, 21, 23, 25, 27, 28], "excluded_lines": [], "start_line": 1}}}, "main.py": {"executed_lines": [1, 2, 4, 5, 6, 7, 9, 10, 11, 12, 13, 14, 15, 16, 18, 19, 21, 22, 23, 26, 27, 29, 30, 34, 35, 36, 37, 38, 39, 40, 41, 44, 48, 49, 50, 52, 59, 60, 61, 62, 70, 71, 72, 73, 74, 76, 92, 93, 94, 95, 96, 97, 98, 99, 100, 101, 102, 103, 104, 105, 106, 108, 109, 112, 113, 114, 144, 145, 207, 208, 209, 211, 212, 244, 247], "summary": {"covered_lines": 75, "num_statements": 150, "percent_covered": 50.0, "percent_covered_display": "50", "missing_lines": 75, "excluded_lines": 0, "percent_statements_covered": 50.0, "percent_statements_covered_display": "50"}, "missing_lines": [20, 45, 53, 55, 56, 57, 110, 115, 142, 146, 157, 158, 159, 161, 162, 163, 164, 166, 167, 168, 169, 171, 172, 173, 174, 175, 176, 177, 178, 180, 181, 182, 183, 185, 186, 187, 188, 189, 190, 192, 193, 194, 195, 196, 198, 199, 200, 201, 202, 204, 205, 213, 214, 216, 217, 218, 219, 220, 221, 223, 224, 225, 226, 227, 228, 229, 230, 232, 233, 234, 236, 237, 238, 240, 242], "excluded_lines": [], "functions": {"public_base_url": {"executed_lines": [], "summary": {"covered_lines": 0, "num_statements": 1, "percent_covered": 0.0, "percent_covered_display": "0", "missing_lines": 1, "excluded_lines": 0, "percent_statements_covered": 0.0, "percent_statements_covered_display": "0"}, "missing_lines": [45], "excluded_lines": [], "start_line": 44}, "create_app": {"executed_lines": [49, 50, 52, 59, 60, 76, 92, 93, 94, 95, 96, 97, 98, 99, 100, 101, 102, 103, 104, 105, 106, 108, 109, 112, 113, 114, 144, 145, 207, 208, 209, 211, 212, 244], "summary": {"covered_lines": 34, "num_statements": 37, "percent_covered": 91.89189189189189, "percent_covered_display": "92", "missing_lines": 3, "excluded_lines": 0, "percent_statements_covered": 91.89189189189189, "percent_statements_covered_display": "92"}, "missing_lines": [53, 55, 56], "excluded_lines": [], "start_line": 48}, "create_app.rate_limit_handler": {"executed_lines": [], "summary": {"covered_lines": 0, "num_statements": 1, "percent_covered": 0.0, "percent_covered_display": "0", "missing_lines": 1, "excluded_lines": 0, "percent_statements_covered": 0.0, "percent_statements_covered_display": "0"}, "missing_lines": [57], "excluded_lines": [], "start_line": 56}, "create_app.security_headers": {"executed_lines": [61, 62, 70, 71, 72, 73, 74], "summary": {"covered_lines": 7, "num_statements": 7, "percent_covered": 100.0, "percent_covered_display": "100", "missing_lines": 0, "excluded_lines": 0, "percent_statements_covered": 100.0, "percent_statements_covered_display": "100"}, "missing_lines": [], "excluded_lines": [], "start_line": 60}, "create_app.auth_health_check": {"executed_lines": [], "summary": {"covered_lines": 0, "num_statements": 1, "percent_covered": 0.0, "percent_covered_display": "0", "missing_lines": 1, "excluded_lines": 0, "percent_statements_covered": 0.0, "percent_statements_covered_display": "0"}, "missing_lines": [110], "excluded_lines": [], "start_line": 109}, "create_app.get_llms_txt": {"executed_lines": [], "summary": {"covered_lines": 0, "num_statements": 2, "percent_covered": 0.0, "percent_covered_display": "0", "missing_lines": 2, "excluded_lines": 0, "percent_statements_covered": 0.0, "percent_statements_covered_display": "0"}, "missing_lines": [115, 142], "excluded_lines": [], "start_line": 114}, "create_app.get_sitemap_xml": {"executed_lines": [], "summary": {"covered_lines": 0, "num_statements": 42, "percent_covered": 0.0, "percent_covered_display": "0", "missing_lines": 42, "excluded_lines": 0, "percent_statements_covered": 0.0, "percent_statements_covered_display": "0"}, "missing_lines": [146, 157, 158, 159, 161, 162, 163, 164, 166, 167, 168, 169, 171, 172, 173, 174, 175, 176, 177, 178, 180, 181, 182, 183, 185, 186, 187, 188, 189, 190, 192, 193, 194, 195, 196, 198, 199, 200, 201, 202, 204, 205], "excluded_lines": [], "start_line": 145}, "create_app.serve_spa": {"executed_lines": [], "summary": {"covered_lines": 0, "num_statements": 24, "percent_covered": 0.0, "percent_covered_display": "0", "missing_lines": 24, "excluded_lines": 0, "percent_statements_covered": 0.0, "percent_statements_covered_display": "0"}, "missing_lines": [213, 214, 216, 217, 218, 219, 220, 221, 223, 224, 225, 226, 227, 228, 229, 230, 232, 233, 234, 236, 237, 238, 240, 242], "excluded_lines": [], "start_line": 212}, "": {"executed_lines": [1, 2, 4, 5, 6, 7, 9, 10, 11, 12, 13, 14, 15, 16, 18, 19, 21, 22, 23, 26, 27, 29, 30, 34, 35, 36, 37, 38, 39, 40, 41, 44, 48, 247], "summary": {"covered_lines": 34, "num_statements": 35, "percent_covered": 97.14285714285714, "percent_covered_display": "97", "missing_lines": 1, "excluded_lines": 0, "percent_statements_covered": 97.14285714285714, "percent_statements_covered_display": "97"}, "missing_lines": [20], "excluded_lines": [], "start_line": 1}}, "classes": {"": {"executed_lines": [1, 2, 4, 5, 6, 7, 9, 10, 11, 12, 13, 14, 15, 16, 18, 19, 21, 22, 23, 26, 27, 29, 30, 34, 35, 36, 37, 38, 39, 40, 41, 44, 48, 49, 50, 52, 59, 60, 61, 62, 70, 71, 72, 73, 74, 76, 92, 93, 94, 95, 96, 97, 98, 99, 100, 101, 102, 103, 104, 105, 106, 108, 109, 112, 113, 114, 144, 145, 207, 208, 209, 211, 212, 244, 247], "summary": {"covered_lines": 75, "num_statements": 150, "percent_covered": 50.0, "percent_covered_display": "50", "missing_lines": 75, "excluded_lines": 0, "percent_statements_covered": 50.0, "percent_statements_covered_display": "50"}, "missing_lines": [20, 45, 53, 55, 56, 57, 110, 115, 142, 146, 157, 158, 159, 161, 162, 163, 164, 166, 167, 168, 169, 171, 172, 173, 174, 175, 176, 177, 178, 180, 181, 182, 183, 185, 186, 187, 188, 189, 190, 192, 193, 194, 195, 196, 198, 199, 200, 201, 202, 204, 205, 213, 214, 216, 217, 218, 219, 220, 221, 223, 224, 225, 226, 227, 228, 229, 230, 232, 233, 234, 236, 237, 238, 240, 242], "excluded_lines": [], "start_line": 1}}}, "migration.py": {"executed_lines": [1, 2, 3, 4, 5, 7, 8, 9, 11, 12, 14, 18, 22, 26, 30, 34, 38, 42, 46, 50, 54, 58, 62, 66, 71, 72, 74, 78, 82, 87, 88, 90, 94, 98, 102, 106, 110, 114, 118, 121, 126, 127, 129, 133, 137, 140, 145, 146, 147, 165, 166, 167, 186, 187, 188, 207, 208, 209, 239, 240, 241, 257, 258, 259, 272, 273, 274, 296, 297, 328], "summary": {"covered_lines": 70, "num_statements": 178, "percent_covered": 39.325842696629216, "percent_covered_display": "39", "missing_lines": 108, "excluded_lines": 0, "percent_statements_covered": 39.325842696629216, "percent_statements_covered_display": "39"}, "missing_lines": [15, 16, 19, 20, 23, 24, 27, 28, 31, 32, 35, 36, 39, 40, 43, 44, 47, 48, 51, 52, 55, 56, 59, 60, 63, 64, 67, 68, 75, 76, 79, 80, 83, 84, 91, 92, 95, 96, 99, 100, 103, 104, 107, 108, 111, 112, 115, 116, 119, 120, 122, 123, 130, 131, 134, 135, 138, 139, 141, 142, 148, 149, 161, 162, 168, 169, 182, 183, 189, 190, 203, 204, 210, 211, 231, 232, 233, 234, 235, 236, 242, 243, 252, 253, 254, 260, 261, 269, 275, 279, 280, 281, 298, 299, 300, 301, 302, 303, 304, 305, 306, 307, 308, 312, 313, 314, 329, 330], "excluded_lines": [], "functions": {"run_migrations": {"executed_lines": [8, 9, 11, 12, 14, 18, 22, 26, 30, 34, 38, 42, 46, 50, 54, 58, 62, 66, 71, 72, 74, 78, 82, 87, 88, 90, 94, 98, 102, 106, 110, 114, 118, 121, 126, 127, 129, 133, 137, 140, 145, 146, 147, 165, 166, 167, 186, 187, 188, 207, 208, 209, 239, 240, 241, 257, 258, 259, 272, 273, 274, 296, 297, 328], "summary": {"covered_lines": 64, "num_statements": 172, "percent_covered": 37.2093023255814, "percent_covered_display": "37", "missing_lines": 108, "excluded_lines": 0, "percent_statements_covered": 37.2093023255814, "percent_statements_covered_display": "37"}, "missing_lines": [15, 16, 19, 20, 23, 24, 27, 28, 31, 32, 35, 36, 39, 40, 43, 44, 47, 48, 51, 52, 55, 56, 59, 60, 63, 64, 67, 68, 75, 76, 79, 80, 83, 84, 91, 92, 95, 96, 99, 100, 103, 104, 107, 108, 111, 112, 115, 116, 119, 120, 122, 123, 130, 131, 134, 135, 138, 139, 141, 142, 148, 149, 161, 162, 168, 169, 182, 183, 189, 190, 203, 204, 210, 211, 231, 232, 233, 234, 235, 236, 242, 243, 252, 253, 254, 260, 261, 269, 275, 279, 280, 281, 298, 299, 300, 301, 302, 303, 304, 305, 306, 307, 308, 312, 313, 314, 329, 330], "excluded_lines": [], "start_line": 7}, "": {"executed_lines": [1, 2, 3, 4, 5, 7], "summary": {"covered_lines": 6, "num_statements": 6, "percent_covered": 100.0, "percent_covered_display": "100", "missing_lines": 0, "excluded_lines": 0, "percent_statements_covered": 100.0, "percent_statements_covered_display": "100"}, "missing_lines": [], "excluded_lines": [], "start_line": 1}}, "classes": {"": {"executed_lines": [1, 2, 3, 4, 5, 7, 8, 9, 11, 12, 14, 18, 22, 26, 30, 34, 38, 42, 46, 50, 54, 58, 62, 66, 71, 72, 74, 78, 82, 87, 88, 90, 94, 98, 102, 106, 110, 114, 118, 121, 126, 127, 129, 133, 137, 140, 145, 146, 147, 165, 166, 167, 186, 187, 188, 207, 208, 209, 239, 240, 241, 257, 258, 259, 272, 273, 274, 296, 297, 328], "summary": {"covered_lines": 70, "num_statements": 178, "percent_covered": 39.325842696629216, "percent_covered_display": "39", "missing_lines": 108, "excluded_lines": 0, "percent_statements_covered": 39.325842696629216, "percent_statements_covered_display": "39"}, "missing_lines": [15, 16, 19, 20, 23, 24, 27, 28, 31, 32, 35, 36, 39, 40, 43, 44, 47, 48, 51, 52, 55, 56, 59, 60, 63, 64, 67, 68, 75, 76, 79, 80, 83, 84, 91, 92, 95, 96, 99, 100, 103, 104, 107, 108, 111, 112, 115, 116, 119, 120, 122, 123, 130, 131, 134, 135, 138, 139, 141, 142, 148, 149, 161, 162, 168, 169, 182, 183, 189, 190, 203, 204, 210, 211, 231, 232, 233, 234, 235, 236, 242, 243, 252, 253, 254, 260, 261, 269, 275, 279, 280, 281, 298, 299, 300, 301, 302, 303, 304, 305
[...]
0.0, "percent_covered_display": "100", "missing_lines": 0, "excluded_lines": 0, "percent_statements_covered": 100.0, "percent_statements_covered_display": "100"}, "missing_lines": [], "excluded_lines": [], "start_line": 1}}}, "tests/test_scripts.py": {"executed_lines": [2, 4, 6, 7, 12, 13, 14, 15, 16, 17, 18, 20, 22, 24, 25, 28, 32, 33, 36, 37, 38, 39, 41, 43, 44, 45, 47, 49, 50, 52, 54, 55, 56, 59, 65, 68, 69, 72, 73, 75, 77, 80, 81, 82, 85, 88, 89, 91, 93, 95, 96, 97, 98, 99, 100, 102, 104, 106, 107, 110, 111, 112, 115, 116, 117, 120, 121, 122, 125, 126, 127], "summary": {"covered_lines": 71, "num_statements": 71, "percent_covered": 100.0, "percent_covered_display": "100", "missing_lines": 0, "excluded_lines": 0, "percent_statements_covered": 100.0, "percent_statements_covered_display": "100"}, "missing_lines": [], "excluded_lines": [], "functions": {"test_create_script": {"executed_lines": [6, 7, 12, 13, 14, 15, 16, 17, 18], "summary": {"covered_lines": 9, "num_statements": 9, "percent_covered": 100.0, "percent_covered_display": "100", "missing_lines": 0, "excluded_lines": 0, "percent_statements_covered": 100.0, "percent_statements_covered_display": "100"}, "missing_lines": [], "excluded_lines": [], "start_line": 4}, "test_update_script": {"executed_lines": [22, 24, 25, 28, 32, 33, 36, 37, 38, 39], "summary": {"covered_lines": 10, "num_statements": 10, "percent_covered": 100.0, "percent_covered_display": "100", "missing_lines": 0, "excluded_lines": 0, "percent_statements_covered": 100.0, "percent_statements_covered_display": "100"}, "missing_lines": [], "excluded_lines": [], "start_line": 20}, "test_delete_script": {"executed_lines": [43, 44, 45, 47, 49, 50], "summary": {"covered_lines": 6, "num_statements": 6, "percent_covered": 100.0, "percent_covered_display": "100", "missing_lines": 0, "excluded_lines": 0, "percent_statements_covered": 100.0, "percent_statements_covered_display": "100"}, "missing_lines": [], "excluded_lines": [], "start_line": 41}, "test_script_reorder": {"executed_lines": [54, 55, 56, 59, 65, 68, 69, 72, 73], "summary": {"covered_lines": 9, "num_statements": 9, "percent_covered": 100.0, "percent_covered_display": "100", "missing_lines": 0, "excluded_lines": 0, "percent_statements_covered": 100.0, "percent_statements_covered_display": "100"}, "missing_lines": [], "excluded_lines": [], "start_line": 52}, "test_folder_parent_timestamp": {"executed_lines": [77, 80, 81, 82, 85, 88, 89, 91], "summary": {"covered_lines": 8, "num_statements": 8, "percent_covered": 100.0, "percent_covered_display": "100", "missing_lines": 0, "excluded_lines": 0, "percent_statements_covered": 100.0, "percent_statements_covered_display": "100"}, "missing_lines": [], "excluded_lines": [], "start_line": 75}, "test_script_disable_copy_default": {"executed_lines": [95, 96, 97, 98, 99, 100], "summary": {"covered_lines": 6, "num_statements": 6, "percent_covered": 100.0, "percent_covered_display": "100", "missing_lines": 0, "excluded_lines": 0, "percent_statements_covered": 100.0, "percent_statements_covered_display": "100"}, "missing_lines": [], "excluded_lines": [], "start_line": 93}, "test_script_disable_copy_update": {"executed_lines": [104, 106, 107, 110, 111, 112, 115, 116, 117, 120, 121, 122, 125, 126, 127], "summary": {"covered_lines": 15, "num_statements": 15, "percent_covered": 100.0, "percent_covered_display": "100", "missing_lines": 0, "excluded_lines": 0, "percent_statements_covered": 100.0, "percent_statements_covered_display": "100"}, "missing_lines": [], "excluded_lines": [], "start_line": 102}, "": {"executed_lines": [2, 4, 20, 41, 52, 75, 93, 102], "summary": {"covered_lines": 8, "num_statements": 8, "percent_covered": 100.0, "percent_covered_display": "100", "missing_lines": 0, "excluded_lines": 0, "percent_statements_covered": 100.0, "percent_statements_covered_display": "100"}, "missing_lines": [], "excluded_lines": [], "start_line": 1}}, "classes": {"": {"executed_lines": [2, 4, 6, 7, 12, 13, 14, 15, 16, 17, 18, 20, 22, 24, 25, 28, 32, 33, 36, 37, 38, 39, 41, 43, 44, 45, 47, 49, 50, 52, 54, 55, 56, 59, 65, 68, 69, 72, 73, 75, 77, 80, 81, 82, 85, 88, 89, 91, 93, 95, 96, 97, 98, 99, 100, 102, 104, 106, 107, 110, 111, 112, 115, 116, 117, 120, 121, 122, 125, 126, 127], "summary": {"covered_lines": 71, "num_statements": 71, "percent_covered": 100.0, "percent_covered_display": "100", "missing_lines": 0, "excluded_lines": 0, "percent_statements_covered": 100.0, "percent_statements_covered_display": "100"}, "missing_lines": [], "excluded_lines": [], "start_line": 1}}}, "tests/test_search.py": {"executed_lines": [2, 4, 6, 7, 10, 11, 12, 13, 15, 17, 18, 20, 23, 24, 25], "summary": {"covered_lines": 15, "num_statements": 15, "percent_covered": 100.0, "percent_covered_display": "100", "missing_lines": 0, "excluded_lines": 0, "percent_statements_covered": 100.0, "percent_statements_covered_display": "100"}, "missing_lines": [], "excluded_lines": [], "functions": {"test_search_content": {"executed_lines": [4, 6, 7, 10, 11, 12, 13], "summary": {"covered_lines": 7, "num_statements": 7, "percent_covered": 100.0, "percent_covered_display": "100", "missing_lines": 0, "excluded_lines": 0, "percent_statements_covered": 100.0, "percent_statements_covered_display": "100"}, "missing_lines": [], "excluded_lines": [], "start_line": 2}, "test_search_isolation": {"executed_lines": [17, 18, 20, 23, 24, 25], "summary": {"covered_lines": 6, "num_statements": 6, "percent_covered": 100.0, "percent_covered_display": "100", "missing_lines": 0, "excluded_lines": 0, "percent_statements_covered": 100.0, "percent_statements_covered_display": "100"}, "missing_lines": [], "excluded_lines": [], "start_line": 15}, "": {"executed_lines": [2, 15], "summary": {"covered_lines": 2, "num_statements": 2, "percent_covered": 100.0, "percent_covered_display": "100", "missing_lines": 0, "excluded_lines": 0, "percent_statements_covered": 100.0, "percent_statements_covered_display": "100"}, "missing_lines": [], "excluded_lines": [], "start_line": 1}}, "classes": {"": {"executed_lines": [2, 4, 6, 7, 10, 11, 12, 13, 15, 17, 18, 20, 23, 24, 25], "summary": {"covered_lines": 15, "num_statements": 15, "percent_covered": 100.0, "percent_covered_display": "100", "missing_lines": 0, "excluded_lines": 0, "percent_statements_covered": 100.0, "percent_statements_covered_display": "100"}, "missing_lines": [], "excluded_lines": [], "start_line": 1}}}, "tests/test_security.py": {"executed_lines": [2, 3, 4, 7, 8, 11, 12, 15, 18, 19, 21, 22, 23, 26, 27, 30, 31, 34, 35], "summary": {"covered_lines": 19, "num_statements": 19, "percent_covered": 100.0, "percent_covered_display": "100", "missing_lines": 0, "excluded_lines": 0, "percent_statements_covered": 100.0, "percent_statements_covered_display": "100"}, "missing_lines": [], "excluded_lines": [], "functions": {"test_theme_copy_security": {"executed_lines": [3, 4, 7, 8, 11, 12, 15, 18, 19], "summary": {"covered_lines": 9, "num_statements": 9, "percent_covered": 100.0, "percent_covered_display": "100", "missing_lines": 0, "excluded_lines": 0, "percent_statements_covered": 100.0, "percent_statements_covered_display": "100"}, "missing_lines": [], "excluded_lines": [], "start_line": 2}, "test_script_access_control": {"executed_lines": [22, 23, 26, 27, 30, 31, 34, 35], "summary": {"covered_lines": 8, "num_statements": 8, "percent_covered": 100.0, "percent_covered_display": "100", "missing_lines": 0, "excluded_lines": 0, "percent_statements_covered": 100.0, "percent_statements_covered_display": "100"}, "missing_lines": [], "excluded_lines": [], "start_line": 21}, "": {"executed_lines": [2, 21], "summary": {"covered_lines": 2, "num_statements": 2, "percent_covered": 100.0, "percent_covered_display": "100", "missing_lines": 0, "excluded_lines": 0, "percent_statements_covered": 100.0, "percent_statements_covered_display": "100"}, "missing_lines": [], "excluded_lines": [], "start_line": 1}}, "classes": {"": {"executed_lines": [2, 3, 4, 7, 8, 11, 12, 15, 18, 19, 21, 22, 23, 26, 27, 30, 31, 34, 35], "summary": {"covered_lines": 19, "num_statements": 19, "percent_covered": 100.0, "percent_covered_display": "100", "missing_lines": 0, "excluded_lines": 0, "percent_statements_covered": 100.0, "percent_statements_covered_display": "100"}, "missing_lines": [], "excluded_lines": [], "start_line": 1}}}, "tests/test_seo.py": {"executed_lines": [2, 3, 5, 7, 8, 9, 12, 22, 23, 24, 25, 26, 28, 29, 30], "summary": {"covered_lines": 15, "num_statements": 15, "percent_covered": 100.0, "percent_covered_display": "100", "missing_lines": 0, "excluded_lines": 0, "percent_statements_covered": 100.0, "percent_statements_covered_display": "100"}, "missing_lines": [], "excluded_lines": [], "functions": {"test_seo_tags": {"executed_lines": [7, 8, 9, 12, 22, 23, 24, 25, 26, 28, 29, 30], "summary": {"covered_lines": 12, "num_statements": 12, "percent_covered": 100.0, "percent_covered_display": "100", "missing_lines": 0, "excluded_lines": 0, "percent_statements_covered": 100.0, "percent_statements_covered_display": "100"}, "missing_lines": [], "excluded_lines": [], "start_line": 5}, "": {"executed_lines": [2, 3, 5], "summary": {"covered_lines": 3, "num_statements": 3, "percent_covered": 100.0, "percent_covered_display": "100", "missing_lines": 0, "excluded_lines": 0, "percent_statements_covered": 100.0, "percent_statements_covered_display": "100"}, "missing_lines": [], "excluded_lines": [], "start_line": 1}}, "classes": {"": {"executed_lines": [2, 3, 5, 7, 8, 9, 12, 22, 23, 24, 25, 26, 28, 29, 30], "summary": {"covered_lines": 15, "num_statements": 15, "percent_covered": 100.0, "percent_covered_display": "100", "missing_lines": 0, "excluded_lines": 0, "percent_statements_covered": 100.0, "percent_statements_covered_display": "100"}, "missing_lines": [], "excluded_lines": [], "start_line": 1}}}, "tests/test_series_api.py": {"executed_lines": [1, 2, 4, 9, 10, 11, 12, 13, 15, 20, 21, 22, 24, 25, 26, 27, 28, 30, 35, 36, 37, 38, 39, 41, 42, 43, 46, 47, 49, 54, 55, 57, 58, 59], "summary": {"covered_lines": 34, "num_statements": 34, "percent_covered": 100.0, "percent_covered_display": "100", "missing_lines": 0, "excluded_lines": 0, "percent_statements_covered": 100.0, "percent_statements_covered_display": "100"}, "missing_lines": [], "excluded_lines": [], "functions": {"test_series_crud_and_slug_uniqueness": {"executed_lines": [2, 4, 9, 10, 11, 12, 13, 15, 20, 21, 22, 24, 25, 26, 27, 28, 30, 35, 36, 37, 38, 39, 41, 42, 43], "summary": {"covered_lines": 25, "num_statements": 25, "percent_covered": 100.0, "percent_covered_display": "100", "missing_lines": 0, "excluded_lines": 0, "percent_statements_covered": 100.0, "percent_statements_covered_display": "100"}, "missing_lines": [], "excluded_lines": [], "start_line": 1}, "test_series_update_and_delete_not_found": {"executed_lines": [47, 49, 54, 55, 57, 58, 59], "summary": {"covered_lines": 7, "num_statements": 7, "percent_covered": 100.0, "percent_covered_display": "100", "missing_lines": 0, "excluded_lines": 0, "percent_statements_covered": 100.0, "percent_statements_covered_display": "100"}, "missing_lines": [], "excluded_lines": [], "start_line": 46}, "": {"executed_lines": [1, 46], "summary": {"covered_lines": 2, "num_statements": 2, "percent_covered": 100.0, "percent_covered_display": "100", "missing_lines": 0, "excluded_lines": 0, "percent_statements_covered": 100.0, "percent_statements_covered_display": "100"}, "missing_lines": [], "excluded_lines": [], "start_line": 1}}, "classes": {"": {"executed_lines": [1, 2, 4, 9, 10, 11, 12, 13, 15, 20, 21, 22, 24, 25, 26, 27, 28, 30, 35, 36, 37, 38, 39, 41, 42, 43, 46, 47, 49, 54, 55, 57, 58, 59], "summary": {"covered_lines": 34, "num_statements": 34, "percent_covered": 100.0, "percent_covered_display": "100", "missing_lines": 0, "excluded_lines": 0, "percent_statements_covered": 100.0, "percent_statements_covered_display": "100"}, "missing_lines": [], "excluded_lines": [], "start_line": 1}}}, "tests/test_settings.py": {"executed_lines": [2, 4, 6, 10, 11, 12, 13, 15, 17, 18, 20, 27, 32, 35, 36, 37, 38, 39, 41, 43, 44, 47, 53, 54, 55, 56, 59, 60, 61, 62, 63], "summary": {"covered_lines": 31, "num_statements": 31, "percent_covered": 100.0, "percent_covered_display": "100", "missing_lines": 0, "excluded_lines": 0, "percent_statements_covered": 100.0, "percent_statements_covered_display": "100"}, "missing_lines": [], "excluded_lines": [], "functions": {"test_get_settings_empty": {"executed_lines": [6, 10, 11, 12, 13], "summary": {"covered_lines": 5, "num_statements": 5, "percent_covered": 100.0, "percent_covered_display": "100", "missing_lines": 0, "excluded_lines": 0, "percent_statements_covered": 100.0, "percent_statements_covered_display": "100"}, "missing_lines": [], "excluded_lines": [], "start_line": 4}, "test_update_settings": {"executed_lines": [17, 18, 20, 27, 32, 35, 36, 37, 38, 39], "summary": {"covered_lines": 10, "num_statements": 10, "percent_covered": 100.0, "percent_covered_display": "100", "missing_lines": 0, "excluded_lines": 0, "percent_statements_covered": 100.0, "percent_statements_covered_display": "100"}, "missing_lines": [], "excluded_lines": [], "start_line": 15}, "test_marker_themes": {"executed_lines": [43, 44, 47, 53, 54, 55, 56, 59, 60, 61, 62, 63], "summary": {"covered_lines": 12, "num_statements": 12, "percent_covered": 100.0, "percent_covered_display": "100", "missing_lines": 0, "excluded_lines": 0, "percent_statements_covered": 100.0, "percent_statements_covered_display": "100"}, "missing_lines": [], "excluded_lines": [], "start_line": 41}, "": {"executed_lines": [2, 4, 15, 41], "summary": {"covered_lines": 4, "num_statements": 4, "percent_covered": 100.0, "percent_covered_display": "100", "missing_lines": 0, "excluded_lines": 0, "percent_statements_covered": 100.0, "percent_statements_covered_display": "100"}, "missing_lines": [], "excluded_lines": [], "start_line": 1}}, "classes": {"": {"executed_lines": [2, 4, 6, 10, 11, 12, 13, 15, 17, 18, 20, 27, 32, 35, 36, 37, 38, 39, 41, 43, 44, 47, 53, 54, 55, 56, 59, 60, 61, 62, 63], "summary": {"covered_lines": 31, "num_statements": 31, "percent_covered": 100.0, "percent_covered_display": "100", "missing_lines": 0, "excluded_lines": 0, "percent_statements_covered": 100.0, "percent_statements_covered_display": "100"}, "missing_lines": [], "excluded_lines": [], "start_line": 1}}}, "tests/test_tags.py": {"executed_lines": [2, 4, 7, 8, 9, 10, 11, 14, 15, 16, 17, 20, 21, 22, 24, 26, 29, 30, 33, 43, 44, 45, 46, 49, 50, 51], "summary": {"covered_lines": 26, "num_statements": 26, "percent_covered": 100.0, "percent_covered_display": "100", "missing_lines": 0, "excluded_lines": 0, "percent_statements_covered": 100.0, "percent_statements_covered_display": "100"}, "missing_lines": [], "excluded_lines": [], "functions": {"test_tag_crud": {"executed_lines": [4, 7, 8, 9, 10, 11, 14, 15, 16, 17, 20, 21, 22], "summary": {"covered_lines": 13, "num_statements": 13, "percent_covered": 100.0, "percent_covered_display": "100", "missing_lines": 0, "excluded_lines": 0, "percent_statements_covered": 100.0, "percent_statements_covered_display": "100"}, "missing_lines": [], "excluded_lines": [], "start_line": 2}, "test_tag_assignment": {"executed_lines": [26, 29, 30, 33, 43, 44, 45, 46, 49, 50, 51], "summary": {"covered_lines": 11, "num_statements": 11, "percent_covered": 100.0, "percent_covered_display": "100", "missing_lines": 0, "excluded_lines": 0, "percent_statements_covered": 100.0, "percent_statements_covered_display": "100"}, "missing_lines": [], "excluded_lines": [], "start_line": 24}, "": {"executed_lines": [2, 24], "summary": {"covered_lines": 2, "num_statements": 2, "percent_covered": 100.0, "percent_covered_display": "100", "missing_lines": 0, "excluded_lines": 0, "percent_statements_covered": 100.0, "percent_statements_covered_display": "100"}, "missing_lines": [], "excluded_lines": [], "start_line": 1}}, "classes": {"": {"executed_lines": [2, 4, 7, 8, 9, 10, 11, 14, 15, 16, 17, 20, 21, 22, 24, 26, 29, 30, 33, 43, 44, 45, 46, 49, 50, 51], "summary": {"covered_lines": 26, "num_statements": 26, "percent_covered": 100.0, "percent_covered_display": "100", "missing_lines": 0, "excluded_lines": 0, "percent_statements_covered": 100.0, "percent_statements_covered_display": "100"}, "missing_lines": [], "excluded_lines": [], "start_line": 1}}}, "tests/test_transfer_persona.py": {"executed_lines": [1, 2, 3, 4, 5, 7, 8, 9, 10, 11, 13, 14, 24, 25, 26, 27, 29, 31, 32, 33, 34, 37, 45, 46, 51, 54, 55, 58, 59, 63, 64, 65, 67, 68, 69, 71, 72, 73, 74, 75, 78, 79, 82, 87, 88, 90, 91, 92, 94, 100, 101], "summary": {"covered_lines": 51, "num_statements": 51, "percent_covered": 100.0, "percent_covered_display": "100", "missing_lines": 0, "excluded_lines": 0, "percent_statements_covered": 100.0, "percent_statements_covered_display": "100"}, "missing_lines": [], "excluded_lines": [], "functions": {"_create_user": {"executed_lines": [8, 9, 10, 11], "summary": {"covered_lines": 4, "num_statements": 4, "percent_covered": 100.0, "percent_covered_display": "100", "missing_lines": 0, "excluded_lines": 0, "percent_statements_covered": 100.0, "percent_statements_covered_display": "100"}, "missing_lines": [], "excluded_lines": [], "start_line": 7}, "_create_script": {"executed_lines": [14, 24, 25, 26, 27], "summary": {"covered_lines": 5, "num_statements": 5, "percent_covered": 100.0, "percent_covered_display": "100", "missing_lines": 0, "excluded_lines": 0, "percent_statements_covered": 100.0, "percent_statements_covered_display": "100"}, "missing_lines": [], "excluded_lines": [], "start_line": 13}, "test_transfer_persona_ownership_success": {"executed_lines": [31, 32, 33, 34, 37, 45, 46, 51, 54, 55, 58, 59, 63, 64, 65, 67, 68, 69], "summary": {"covered_lines": 18, "num_statements": 18, "percent_covered": 100.0, "percent_covered_display": "100", "missing_lines": 0, "excluded_lines": 0, "percent_statements_covered": 100.0, "percent_statements_covered_display": "100"}, "missing_lines": [], "excluded_lines": [], "start_line": 29}, "test_transfer_persona_not_found_or_wrong_owner": {"executed_lines": [72, 73, 74, 75, 78, 79, 82, 87, 88], "summary": {"covered_lines": 9, "num_statements": 9, "percent_covered": 100.0, "percent_covered_display": "100", "missing_lines": 0, "excluded_lines": 0, "percent_statements_covered": 100.0, "percent_statements_covered_display": "100"}, "missing_lines": [], "excluded_lines": [], "start_line": 71}, "test_transfer_persona_target_does_not_exist": {"executed_lines": [91, 92, 94, 100, 101], "summary": {"covered_lines": 5, "num_statements": 5, "percent_covered": 100.0, "percent_covered_display": "100", "missing_lines": 0, "excluded_lines": 0, "percent_statements_covered": 100.0, "percent_statements_covered_display": "100"}, "missing_lines": [], "excluded_lines": [], "start_line": 90}, "": {"executed_lines": [1, 2, 3, 4, 5, 7, 13, 29, 71, 90], "summary": {"covered_lines": 10, "num_statements": 10, "percent_covered": 100.0, "percent_covered_display": "100", "missing_lines": 0, "excluded_lines": 0, "percent_statements_covered": 100.0, "percent_statements_covered_display": "100"}, "missing_lines": [], "excluded_lines": [], "start_line": 1}}, "classes": {"": {"executed_lines": [1, 2, 3, 4, 5, 7, 8, 9, 10, 11, 13, 14, 24, 25, 26, 27, 29, 31, 32, 33, 34, 37, 45, 46, 51, 54, 55, 58, 59, 63, 64, 65, 67, 68, 69, 71, 72, 73, 74, 75, 78, 79, 82, 87, 88, 90, 91, 92, 94, 100, 101], "summary": {"covered_lines": 51, "num_statements": 51, "percent_covered": 100.0, "percent_covered_display": "100", "missing_lines": 0, "excluded_lines": 0, "percent_statements_covered": 100.0, "percent_statements_covered_display": "100"}, "missing_lines": [], "excluded_lines": [], "start_line": 1}}}}, "totals": {"covered_lines": 4478, "num_statements": 5186, "percent_covered": 86.34785962205939, "percent_covered_display": "86", "missing_lines": 708, "excluded_lines": 0, "percent_statements_covered": 86.34785962205939, "percent_statements_covered_display": "86"}}